{"/Users/heyonggang/Projects/kukai/src/__tests__/services/DatabaseBackupService.mock.js": {"path":"/Users/heyonggang/Projects/kukai/src/__tests__/services/DatabaseBackupService.mock.js","statementMap":{"0":{"start":{"line":2,"column":0},"end":{"line":15,"column":4}},"1":{"start":{"line":2,"column":37},"end":{"line":15,"column":1}},"2":{"start":{"line":6,"column":35},"end":{"line":6,"column":127}},"3":{"start":{"line":7,"column":36},"end":{"line":7,"column":53}},"4":{"start":{"line":8,"column":29},"end":{"line":8,"column":46}},"5":{"start":{"line":9,"column":30},"end":{"line":9,"column":125}},"6":{"start":{"line":10,"column":36},"end":{"line":10,"column":53}},"7":{"start":{"line":11,"column":36},"end":{"line":11,"column":85}},"8":{"start":{"line":12,"column":27},"end":{"line":12,"column":44}},"9":{"start":{"line":13,"column":27},"end":{"line":13,"column":44}},"10":{"start":{"line":14,"column":31},"end":{"line":14,"column":91}},"11":{"start":{"line":18,"column":0},"end":{"line":22,"column":4}},"12":{"start":{"line":18,"column":33},"end":{"line":22,"column":1}},"13":{"start":{"line":20,"column":34},"end":{"line":20,"column":55}},"14":{"start":{"line":21,"column":28},"end":{"line":21,"column":45}},"15":{"start":{"line":25,"column":0},"end":{"line":33,"column":4}},"16":{"start":{"line":25,"column":41},"end":{"line":33,"column":1}},"17":{"start":{"line":27,"column":34},"end":{"line":32,"column":4}},"18":{"start":{"line":36,"column":0},"end":{"line":41,"column":4}},"19":{"start":{"line":36,"column":37},"end":{"line":41,"column":1}},"20":{"start":{"line":44,"column":0},"end":{"line":51,"column":4}},"21":{"start":{"line":44,"column":33},"end":{"line":51,"column":1}},"22":{"start":{"line":46,"column":38},"end":{"line":50,"column":4}},"23":{"start":{"line":54,"column":0},"end":{"line":64,"column":4}},"24":{"start":{"line":54,"column":32},"end":{"line":64,"column":1}},"25":{"start":{"line":67,"column":0},"end":{"line":72,"column":4}},"26":{"start":{"line":67,"column":33},"end":{"line":72,"column":1}},"27":{"start":{"line":70,"column":27},"end":{"line":70,"column":34}},"28":{"start":{"line":75,"column":0},"end":{"line":83,"column":4}},"29":{"start":{"line":75,"column":49},"end":{"line":83,"column":1}},"30":{"start":{"line":78,"column":30},"end":{"line":81,"column":5}},"31":{"start":{"line":86,"column":0},"end":{"line":114,"column":4}},"32":{"start":{"line":86,"column":58},"end":{"line":114,"column":1}},"33":{"start":{"line":90,"column":6},"end":{"line":105,"column":7}},"34":{"start":{"line":91,"column":8},"end":{"line":97,"column":12}},"35":{"start":{"line":98,"column":13},"end":{"line":105,"column":7}},"36":{"start":{"line":99,"column":8},"end":{"line":104,"column":12}},"37":{"start":{"line":106,"column":6},"end":{"line":106,"column":35}},"38":{"start":{"line":108,"column":27},"end":{"line":108,"column":44}},"39":{"start":{"line":109,"column":30},"end":{"line":109,"column":47}},"40":{"start":{"line":110,"column":28},"end":{"line":110,"column":47}},"41":{"start":{"line":111,"column":28},"end":{"line":111,"column":45}},"42":{"start":{"line":112,"column":30},"end":{"line":112,"column":49}},"43":{"start":{"line":117,"column":0},"end":{"line":166,"column":3}},"44":{"start":{"line":118,"column":17},"end":{"line":143,"column":3}},"45":{"start":{"line":120,"column":17},"end":{"line":139,"column":7}},"46":{"start":{"line":122,"column":10},"end":{"line":136,"column":11}},"47":{"start":{"line":124,"column":12},"end":{"line":132,"column":15}},"48":{"start":{"line":135,"column":12},"end":{"line":135,"column":61}},"49":{"start":{"line":137,"column":10},"end":{"line":137,"column":50}},"50":{"start":{"line":140,"column":6},"end":{"line":140,"column":19}},"51":{"start":{"line":141,"column":6},"end":{"line":141,"column":31}},"52":{"start":{"line":145,"column":2},"end":{"line":165,"column":4}},"53":{"start":{"line":148,"column":35},"end":{"line":148,"column":41}},"54":{"start":{"line":149,"column":35},"end":{"line":149,"column":103}},"55":{"start":{"line":151,"column":8},"end":{"line":161,"column":9}},"56":{"start":{"line":152,"column":10},"end":{"line":160,"column":13}},"57":{"start":{"line":162,"column":8},"end":{"line":162,"column":68}},"58":{"start":{"line":170,"column":0},"end":{"line":244,"column":3}},"59":{"start":{"line":171,"column":19},"end":{"line":171,"column":77}},"60":{"start":{"line":173,"column":2},"end":{"line":243,"column":4}},"61":{"start":{"line":192,"column":32},"end":{"line":192,"column":66}},"62":{"start":{"line":193,"column":43},"end":{"line":193,"column":77}},"63":{"start":{"line":194,"column":38},"end":{"line":194,"column":72}},"64":{"start":{"line":195,"column":37},"end":{"line":195,"column":71}},"65":{"start":{"line":196,"column":36},"end":{"line":202,"column":8}},"66":{"start":{"line":203,"column":34},"end":{"line":203,"column":142}},"67":{"start":{"line":204,"column":35},"end":{"line":204,"column":69}},"68":{"start":{"line":205,"column":36},"end":{"line":205,"column":68}},"69":{"start":{"line":206,"column":43},"end":{"line":206,"column":77}},"70":{"start":{"line":207,"column":39},"end":{"line":207,"column":84}},"71":{"start":{"line":208,"column":34},"end":{"line":208,"column":68}},"72":{"start":{"line":209,"column":39},"end":{"line":217,"column":8}},"73":{"start":{"line":218,"column":48},"end":{"line":222,"column":8}},"74":{"start":{"line":223,"column":42},"end":{"line":227,"column":8}},"75":{"start":{"line":228,"column":40},"end":{"line":233,"column":8}},"76":{"start":{"line":234,"column":33},"end":{"line":234,"column":67}},"77":{"start":{"line":235,"column":34},"end":{"line":235,"column":68}},"78":{"start":{"line":236,"column":37},"end":{"line":241,"column":7}},"79":{"start":{"line":247,"column":0},"end":{"line":252,"column":2}}},"fnMap":{"0":{"name":"(anonymous_0)","decl":{"start":{"line":2,"column":30},"end":{"line":2,"column":31}},"loc":{"start":{"line":2,"column":37},"end":{"line":15,"column":1}},"line":2},"1":{"name":"(anonymous_1)","decl":{"start":{"line":6,"column":29},"end":{"line":6,"column":30}},"loc":{"start":{"line":6,"column":35},"end":{"line":6,"column":127}},"line":6},"2":{"name":"(anonymous_2)","decl":{"start":{"line":7,"column":30},"end":{"line":7,"column":31}},"loc":{"start":{"line":7,"column":36},"end":{"line":7,"column":53}},"line":7},"3":{"name":"(anonymous_3)","decl":{"start":{"line":8,"column":23},"end":{"line":8,"column":24}},"loc":{"start":{"line":8,"column":29},"end":{"line":8,"column":46}},"line":8},"4":{"name":"(anonymous_4)","decl":{"start":{"line":9,"column":24},"end":{"line":9,"column":25}},"loc":{"start":{"line":9,"column":30},"end":{"line":9,"column":125}},"line":9},"5":{"name":"(anonymous_5)","decl":{"start":{"line":10,"column":30},"end":{"line":10,"column":31}},"loc":{"start":{"line":10,"column":36},"end":{"line":10,"column":53}},"line":10},"6":{"name":"(anonymous_6)","decl":{"start":{"line":11,"column":30},"end":{"line":11,"column":31}},"loc":{"start":{"line":11,"column":36},"end":{"line":11,"column":85}},"line":11},"7":{"name":"(anonymous_7)","decl":{"start":{"line":12,"column":21},"end":{"line":12,"column":22}},"loc":{"start":{"line":12,"column":27},"end":{"line":12,"column":44}},"line":12},"8":{"name":"(anonymous_8)","decl":{"start":{"line":13,"column":21},"end":{"line":13,"column":22}},"loc":{"start":{"line":13,"column":27},"end":{"line":13,"column":44}},"line":13},"9":{"name":"(anonymous_9)","decl":{"start":{"line":14,"column":25},"end":{"line":14,"column":26}},"loc":{"start":{"line":14,"column":31},"end":{"line":14,"column":91}},"line":14},"10":{"name":"(anonymous_10)","decl":{"start":{"line":18,"column":26},"end":{"line":18,"column":27}},"loc":{"start":{"line":18,"column":33},"end":{"line":22,"column":1}},"line":18},"11":{"name":"(anonymous_11)","decl":{"start":{"line":20,"column":28},"end":{"line":20,"column":29}},"loc":{"start":{"line":20,"column":34},"end":{"line":20,"column":55}},"line":20},"12":{"name":"(anonymous_12)","decl":{"start":{"line":21,"column":22},"end":{"line":21,"column":23}},"loc":{"start":{"line":21,"column":28},"end":{"line":21,"column":45}},"line":21},"13":{"name":"(anonymous_13)","decl":{"start":{"line":25,"column":34},"end":{"line":25,"column":35}},"loc":{"start":{"line":25,"column":41},"end":{"line":33,"column":1}},"line":25},"14":{"name":"(anonymous_14)","decl":{"start":{"line":27,"column":28},"end":{"line":27,"column":29}},"loc":{"start":{"line":27,"column":34},"end":{"line":32,"column":4}},"line":27},"15":{"name":"(anonymous_15)","decl":{"start":{"line":36,"column":30},"end":{"line":36,"column":31}},"loc":{"start":{"line":36,"column":37},"end":{"line":41,"column":1}},"line":36},"16":{"name":"(anonymous_16)","decl":{"start":{"line":44,"column":26},"end":{"line":44,"column":27}},"loc":{"start":{"line":44,"column":33},"end":{"line":51,"column":1}},"line":44},"17":{"name":"(anonymous_17)","decl":{"start":{"line":46,"column":32},"end":{"line":46,"column":33}},"loc":{"start":{"line":46,"column":38},"end":{"line":50,"column":4}},"line":46},"18":{"name":"(anonymous_18)","decl":{"start":{"line":54,"column":25},"end":{"line":54,"column":26}},"loc":{"start":{"line":54,"column":32},"end":{"line":64,"column":1}},"line":54},"19":{"name":"(anonymous_19)","decl":{"start":{"line":67,"column":26},"end":{"line":67,"column":27}},"loc":{"start":{"line":67,"column":33},"end":{"line":72,"column":1}},"line":67},"20":{"name":"(anonymous_20)","decl":{"start":{"line":70,"column":20},"end":{"line":70,"column":21}},"loc":{"start":{"line":70,"column":27},"end":{"line":70,"column":34}},"line":70},"21":{"name":"(anonymous_21)","decl":{"start":{"line":75,"column":42},"end":{"line":75,"column":43}},"loc":{"start":{"line":75,"column":49},"end":{"line":83,"column":1}},"line":75},"22":{"name":"(anonymous_22)","decl":{"start":{"line":78,"column":23},"end":{"line":78,"column":24}},"loc":{"start":{"line":78,"column":30},"end":{"line":81,"column":5}},"line":78},"23":{"name":"(anonymous_23)","decl":{"start":{"line":86,"column":51},"end":{"line":86,"column":52}},"loc":{"start":{"line":86,"column":58},"end":{"line":114,"column":1}},"line":86},"24":{"name":"(anonymous_24)","decl":{"start":{"line":89,"column":21},"end":{"line":89,"column":22}},"loc":{"start":{"line":89,"column":30},"end":{"line":107,"column":5}},"line":89},"25":{"name":"(anonymous_25)","decl":{"start":{"line":108,"column":21},"end":{"line":108,"column":22}},"loc":{"start":{"line":108,"column":27},"end":{"line":108,"column":44}},"line":108},"26":{"name":"(anonymous_26)","decl":{"start":{"line":109,"column":24},"end":{"line":109,"column":25}},"loc":{"start":{"line":109,"column":30},"end":{"line":109,"column":47}},"line":109},"27":{"name":"(anonymous_27)","decl":{"start":{"line":110,"column":22},"end":{"line":110,"column":23}},"loc":{"start":{"line":110,"column":28},"end":{"line":110,"column":47}},"line":110},"28":{"name":"(anonymous_28)","decl":{"start":{"line":111,"column":22},"end":{"line":111,"column":23}},"loc":{"start":{"line":111,"column":28},"end":{"line":111,"column":45}},"line":111},"29":{"name":"(anonymous_29)","decl":{"start":{"line":112,"column":24},"end":{"line":112,"column":25}},"loc":{"start":{"line":112,"column":30},"end":{"line":112,"column":49}},"line":112},"30":{"name":"(anonymous_30)","decl":{"start":{"line":117,"column":44},"end":{"line":117,"column":45}},"loc":{"start":{"line":117,"column":50},"end":{"line":166,"column":1}},"line":117},"31":{"name":"(anonymous_31)","decl":{"start":{"line":119,"column":25},"end":{"line":119,"column":26}},"loc":{"start":{"line":119,"column":39},"end":{"line":142,"column":5}},"line":119},"32":{"name":"(anonymous_32)","decl":{"start":{"line":121,"column":28},"end":{"line":121,"column":29}},"loc":{"start":{"line":121,"column":54},"end":{"line":138,"column":9}},"line":121},"33":{"name":"(anonymous_33)","decl":{"start":{"line":148,"column":29},"end":{"line":148,"column":30}},"loc":{"start":{"line":148,"column":35},"end":{"line":148,"column":41}},"line":148},"34":{"name":"(anonymous_34)","decl":{"start":{"line":149,"column":29},"end":{"line":149,"column":30}},"loc":{"start":{"line":149,"column":35},"end":{"line":149,"column":103}},"line":149},"35":{"name":"(anonymous_35)","decl":{"start":{"line":150,"column":28},"end":{"line":150,"column":29}},"loc":{"start":{"line":150,"column":51},"end":{"line":163,"column":7}},"line":150},"36":{"name":"(anonymous_36)","decl":{"start":{"line":170,"column":50},"end":{"line":170,"column":51}},"loc":{"start":{"line":170,"column":56},"end":{"line":244,"column":1}},"line":170},"37":{"name":"(anonymous_37)","decl":{"start":{"line":192,"column":26},"end":{"line":192,"column":27}},"loc":{"start":{"line":192,"column":32},"end":{"line":192,"column":66}},"line":192},"38":{"name":"(anonymous_38)","decl":{"start":{"line":193,"column":37},"end":{"line":193,"column":38}},"loc":{"start":{"line":193,"column":43},"end":{"line":193,"column":77}},"line":193},"39":{"name":"(anonymous_39)","decl":{"start":{"line":194,"column":32},"end":{"line":194,"column":33}},"loc":{"start":{"line":194,"column":38},"end":{"line":194,"column":72}},"line":194},"40":{"name":"(anonymous_40)","decl":{"start":{"line":195,"column":31},"end":{"line":195,"column":32}},"loc":{"start":{"line":195,"column":37},"end":{"line":195,"column":71}},"line":195},"41":{"name":"(anonymous_41)","decl":{"start":{"line":196,"column":30},"end":{"line":196,"column":31}},"loc":{"start":{"line":196,"column":36},"end":{"line":202,"column":8}},"line":196},"42":{"name":"(anonymous_42)","decl":{"start":{"line":203,"column":28},"end":{"line":203,"column":29}},"loc":{"start":{"line":203,"column":34},"end":{"line":203,"column":142}},"line":203},"43":{"name":"(anonymous_43)","decl":{"start":{"line":204,"column":29},"end":{"line":204,"column":30}},"loc":{"start":{"line":204,"column":35},"end":{"line":204,"column":69}},"line":204},"44":{"name":"(anonymous_44)","decl":{"start":{"line":205,"column":30},"end":{"line":205,"column":31}},"loc":{"start":{"line":205,"column":36},"end":{"line":205,"column":68}},"line":205},"45":{"name":"(anonymous_45)","decl":{"start":{"line":206,"column":37},"end":{"line":206,"column":38}},"loc":{"start":{"line":206,"column":43},"end":{"line":206,"column":77}},"line":206},"46":{"name":"(anonymous_46)","decl":{"start":{"line":207,"column":33},"end":{"line":207,"column":34}},"loc":{"start":{"line":207,"column":39},"end":{"line":207,"column":84}},"line":207},"47":{"name":"(anonymous_47)","decl":{"start":{"line":208,"column":28},"end":{"line":208,"column":29}},"loc":{"start":{"line":208,"column":34},"end":{"line":208,"column":68}},"line":208},"48":{"name":"(anonymous_48)","decl":{"start":{"line":209,"column":33},"end":{"line":209,"column":34}},"loc":{"start":{"line":209,"column":39},"end":{"line":217,"column":8}},"line":209},"49":{"name":"(anonymous_49)","decl":{"start":{"line":218,"column":42},"end":{"line":218,"column":43}},"loc":{"start":{"line":218,"column":48},"end":{"line":222,"column":8}},"line":218},"50":{"name":"(anonymous_50)","decl":{"start":{"line":223,"column":36},"end":{"line":223,"column":37}},"loc":{"start":{"line":223,"column":42},"end":{"line":227,"column":8}},"line":223},"51":{"name":"(anonymous_51)","decl":{"start":{"line":228,"column":34},"end":{"line":228,"column":35}},"loc":{"start":{"line":228,"column":40},"end":{"line":233,"column":8}},"line":228},"52":{"name":"(anonymous_52)","decl":{"start":{"line":234,"column":27},"end":{"line":234,"column":28}},"loc":{"start":{"line":234,"column":33},"end":{"line":234,"column":67}},"line":234},"53":{"name":"(anonymous_53)","decl":{"start":{"line":235,"column":28},"end":{"line":235,"column":29}},"loc":{"start":{"line":235,"column":34},"end":{"line":235,"column":68}},"line":235},"54":{"name":"(anonymous_54)","decl":{"start":{"line":236,"column":30},"end":{"line":236,"column":31}},"loc":{"start":{"line":236,"column":37},"end":{"line":241,"column":7}},"line":236}},"branchMap":{"0":{"loc":{"start":{"line":90,"column":6},"end":{"line":105,"column":7}},"type":"if","locations":[{"start":{"line":90,"column":6},"end":{"line":105,"column":7}},{"start":{"line":98,"column":13},"end":{"line":105,"column":7}}],"line":90},"1":{"loc":{"start":{"line":98,"column":13},"end":{"line":105,"column":7}},"type":"if","locations":[{"start":{"line":98,"column":13},"end":{"line":105,"column":7}},{"start":{},"end":{}}],"line":98},"2":{"loc":{"start":{"line":122,"column":10},"end":{"line":136,"column":11}},"type":"if","locations":[{"start":{"line":122,"column":10},"end":{"line":136,"column":11}},{"start":{"line":133,"column":17},"end":{"line":136,"column":11}}],"line":122},"3":{"loc":{"start":{"line":151,"column":8},"end":{"line":161,"column":9}},"type":"if","locations":[{"start":{"line":151,"column":8},"end":{"line":161,"column":9}},{"start":{},"end":{}}],"line":151}},"s":{"0":1,"1":1,"2":0,"3":0,"4":0,"5":0,"6":0,"7":0,"8":0,"9":0,"10":0,"11":1,"12":1,"13":0,"14":0,"15":1,"16":1,"17":0,"18":1,"19":1,"20":1,"21":1,"22":0,"23":1,"24":1,"25":1,"26":1,"27":0,"28":1,"29":1,"30":0,"31":1,"32":1,"33":0,"34":0,"35":0,"36":0,"37":0,"38":0,"39":0,"40":0,"41":0,"42":0,"43":1,"44":1,"45":0,"46":0,"47":0,"48":0,"49":0,"50":0,"51":0,"52":1,"53":0,"54":0,"55":0,"56":0,"57":0,"58":1,"59":1,"60":1,"61":0,"62":0,"63":0,"64":0,"65":0,"66":0,"67":0,"68":0,"69":0,"70":0,"71":0,"72":0,"73":0,"74":0,"75":0,"76":0,"77":0,"78":1,"79":1},"f":{"0":1,"1":0,"2":0,"3":0,"4":0,"5":0,"6":0,"7":0,"8":0,"9":0,"10":1,"11":0,"12":0,"13":1,"14":0,"15":1,"16":1,"17":0,"18":1,"19":1,"20":0,"21":1,"22":0,"23":1,"24":0,"25":0,"26":0,"27":0,"28":0,"29":0,"30":1,"31":0,"32":0,"33":0,"34":0,"35":0,"36":1,"37":0,"38":0,"39":0,"40":0,"41":0,"42":0,"43":0,"44":0,"45":0,"46":0,"47":0,"48":0,"49":0,"50":0,"51":0,"52":0,"53":0,"54":1},"b":{"0":[0,0],"1":[0,0],"2":[0,0],"3":[0,0]},"_coverageSchema":"1a1c01bbd47fc00a2c39e90264f33305004495a9","hash":"ffed6f54380f76ba11e39f6082650833b0c51531"}
,"/Users/heyonggang/Projects/kukai/src/__tests__/services/DatabaseMigrationService.mock.js": {"path":"/Users/heyonggang/Projects/kukai/src/__tests__/services/DatabaseMigrationService.mock.js","statementMap":{"0":{"start":{"line":2,"column":0},"end":{"line":42,"column":4}},"1":{"start":{"line":2,"column":32},"end":{"line":42,"column":1}},"2":{"start":{"line":4,"column":31},"end":{"line":41,"column":3}},"3":{"start":{"line":6,"column":17},"end":{"line":35,"column":7}},"4":{"start":{"line":8,"column":10},"end":{"line":32,"column":11}},"5":{"start":{"line":10,"column":12},"end":{"line":10,"column":61}},"6":{"start":{"line":11,"column":17},"end":{"line":32,"column":11}},"7":{"start":{"line":13,"column":12},"end":{"line":13,"column":45}},"8":{"start":{"line":14,"column":17},"end":{"line":32,"column":11}},"9":{"start":{"line":16,"column":12},"end":{"line":16,"column":58}},"10":{"start":{"line":17,"column":17},"end":{"line":32,"column":11}},"11":{"start":{"line":19,"column":12},"end":{"line":28,"column":15}},"12":{"start":{"line":31,"column":12},"end":{"line":31,"column":61}},"13":{"start":{"line":33,"column":10},"end":{"line":33,"column":37}},"14":{"start":{"line":36,"column":6},"end":{"line":36,"column":19}},"15":{"start":{"line":39,"column":6},"end":{"line":39,"column":25}},"16":{"start":{"line":45,"column":0},"end":{"line":88,"column":3}},"17":{"start":{"line":47,"column":39},"end":{"line":82,"column":4}},"18":{"start":{"line":48,"column":4},"end":{"line":81,"column":6}},"19":{"start":{"line":49,"column":42},"end":{"line":49,"column":76}},"20":{"start":{"line":50,"column":39},"end":{"line":50,"column":57}},"21":{"start":{"line":51,"column":34},"end":{"line":51,"column":68}},"22":{"start":{"line":52,"column":34},"end":{"line":52,"column":89}},"23":{"start":{"line":53,"column":43},"end":{"line":56,"column":8}},"24":{"start":{"line":57,"column":38},"end":{"line":61,"column":8}},"25":{"start":{"line":62,"column":39},"end":{"line":65,"column":8}},"26":{"start":{"line":66,"column":39},"end":{"line":66,"column":73}},"27":{"start":{"line":84,"column":2},"end":{"line":87,"column":4}},"28":{"start":{"line":91,"column":0},"end":{"line":100,"column":4}},"29":{"start":{"line":91,"column":57},"end":{"line":100,"column":1}},"30":{"start":{"line":94,"column":32},"end":{"line":97,"column":6}},"31":{"start":{"line":98,"column":33},"end":{"line":98,"column":67}},"32":{"start":{"line":103,"column":0},"end":{"line":119,"column":4}},"33":{"start":{"line":103,"column":51},"end":{"line":119,"column":1}},"34":{"start":{"line":106,"column":34},"end":{"line":116,"column":5}},"35":{"start":{"line":108,"column":19},"end":{"line":113,"column":9}},"36":{"start":{"line":110,"column":12},"end":{"line":110,"column":61}},"37":{"start":{"line":111,"column":12},"end":{"line":111,"column":52}},"38":{"start":{"line":114,"column":8},"end":{"line":114,"column":21}},"39":{"start":{"line":117,"column":36},"end":{"line":117,"column":70}},"40":{"start":{"line":122,"column":0},"end":{"line":128,"column":4}},"41":{"start":{"line":122,"column":37},"end":{"line":128,"column":1}},"42":{"start":{"line":125,"column":27},"end":{"line":125,"column":44}},"43":{"start":{"line":126,"column":29},"end":{"line":126,"column":46}},"44":{"start":{"line":127,"column":30},"end":{"line":127,"column":63}},"45":{"start":{"line":131,"column":0},"end":{"line":136,"column":2}}},"fnMap":{"0":{"name":"(anonymous_0)","decl":{"start":{"line":2,"column":25},"end":{"line":2,"column":26}},"loc":{"start":{"line":2,"column":32},"end":{"line":42,"column":1}},"line":2},"1":{"name":"(anonymous_1)","decl":{"start":{"line":4,"column":24},"end":{"line":4,"column":25}},"loc":{"start":{"line":4,"column":31},"end":{"line":41,"column":3}},"line":4},"2":{"name":"(anonymous_2)","decl":{"start":{"line":5,"column":25},"end":{"line":5,"column":26}},"loc":{"start":{"line":5,"column":39},"end":{"line":37,"column":5}},"line":5},"3":{"name":"(anonymous_3)","decl":{"start":{"line":7,"column":28},"end":{"line":7,"column":29}},"loc":{"start":{"line":7,"column":61},"end":{"line":34,"column":9}},"line":7},"4":{"name":"(anonymous_4)","decl":{"start":{"line":38,"column":18},"end":{"line":38,"column":19}},"loc":{"start":{"line":38,"column":51},"end":{"line":40,"column":5}},"line":38},"5":{"name":"(anonymous_5)","decl":{"start":{"line":45,"column":53},"end":{"line":45,"column":54}},"loc":{"start":{"line":45,"column":59},"end":{"line":88,"column":1}},"line":45},"6":{"name":"(anonymous_6)","decl":{"start":{"line":47,"column":68},"end":{"line":47,"column":69}},"loc":{"start":{"line":47,"column":74},"end":{"line":82,"column":3}},"line":47},"7":{"name":"(anonymous_7)","decl":{"start":{"line":49,"column":36},"end":{"line":49,"column":37}},"loc":{"start":{"line":49,"column":42},"end":{"line":49,"column":76}},"line":49},"8":{"name":"(anonymous_8)","decl":{"start":{"line":50,"column":33},"end":{"line":50,"column":34}},"loc":{"start":{"line":50,"column":39},"end":{"line":50,"column":57}},"line":50},"9":{"name":"(anonymous_9)","decl":{"start":{"line":51,"column":28},"end":{"line":51,"column":29}},"loc":{"start":{"line":51,"column":34},"end":{"line":51,"column":68}},"line":51},"10":{"name":"(anonymous_10)","decl":{"start":{"line":52,"column":28},"end":{"line":52,"column":29}},"loc":{"start":{"line":52,"column":34},"end":{"line":52,"column":89}},"line":52},"11":{"name":"(anonymous_11)","decl":{"start":{"line":53,"column":37},"end":{"line":53,"column":38}},"loc":{"start":{"line":53,"column":43},"end":{"line":56,"column":8}},"line":53},"12":{"name":"(anonymous_12)","decl":{"start":{"line":57,"column":32},"end":{"line":57,"column":33}},"loc":{"start":{"line":57,"column":38},"end":{"line":61,"column":8}},"line":57},"13":{"name":"(anonymous_13)","decl":{"start":{"line":62,"column":33},"end":{"line":62,"column":34}},"loc":{"start":{"line":62,"column":39},"end":{"line":65,"column":8}},"line":62},"14":{"name":"(anonymous_14)","decl":{"start":{"line":66,"column":33},"end":{"line":66,"column":34}},"loc":{"start":{"line":66,"column":39},"end":{"line":66,"column":73}},"line":66},"15":{"name":"(anonymous_15)","decl":{"start":{"line":91,"column":50},"end":{"line":91,"column":51}},"loc":{"start":{"line":91,"column":57},"end":{"line":100,"column":1}},"line":91},"16":{"name":"(anonymous_16)","decl":{"start":{"line":94,"column":26},"end":{"line":94,"column":27}},"loc":{"start":{"line":94,"column":32},"end":{"line":97,"column":6}},"line":94},"17":{"name":"(anonymous_17)","decl":{"start":{"line":98,"column":27},"end":{"line":98,"column":28}},"loc":{"start":{"line":98,"column":33},"end":{"line":98,"column":67}},"line":98},"18":{"name":"(anonymous_18)","decl":{"start":{"line":103,"column":44},"end":{"line":103,"column":45}},"loc":{"start":{"line":103,"column":51},"end":{"line":119,"column":1}},"line":103},"19":{"name":"(anonymous_19)","decl":{"start":{"line":106,"column":27},"end":{"line":106,"column":28}},"loc":{"start":{"line":106,"column":34},"end":{"line":116,"column":5}},"line":106},"20":{"name":"(anonymous_20)","decl":{"start":{"line":107,"column":27},"end":{"line":107,"column":28}},"loc":{"start":{"line":107,"column":41},"end":{"line":115,"column":7}},"line":107},"21":{"name":"(anonymous_21)","decl":{"start":{"line":109,"column":30},"end":{"line":109,"column":31}},"loc":{"start":{"line":109,"column":56},"end":{"line":112,"column":11}},"line":109},"22":{"name":"(anonymous_22)","decl":{"start":{"line":117,"column":30},"end":{"line":117,"column":31}},"loc":{"start":{"line":117,"column":36},"end":{"line":117,"column":70}},"line":117},"23":{"name":"(anonymous_23)","decl":{"start":{"line":122,"column":30},"end":{"line":122,"column":31}},"loc":{"start":{"line":122,"column":37},"end":{"line":128,"column":1}},"line":122},"24":{"name":"(anonymous_24)","decl":{"start":{"line":125,"column":21},"end":{"line":125,"column":22}},"loc":{"start":{"line":125,"column":27},"end":{"line":125,"column":44}},"line":125},"25":{"name":"(anonymous_25)","decl":{"start":{"line":126,"column":23},"end":{"line":126,"column":24}},"loc":{"start":{"line":126,"column":29},"end":{"line":126,"column":46}},"line":126},"26":{"name":"(anonymous_26)","decl":{"start":{"line":127,"column":24},"end":{"line":127,"column":25}},"loc":{"start":{"line":127,"column":30},"end":{"line":127,"column":63}},"line":127}},"branchMap":{"0":{"loc":{"start":{"line":8,"column":10},"end":{"line":32,"column":11}},"type":"if","locations":[{"start":{"line":8,"column":10},"end":{"line":32,"column":11}},{"start":{"line":11,"column":17},"end":{"line":32,"column":11}}],"line":8},"1":{"loc":{"start":{"line":11,"column":17},"end":{"line":32,"column":11}},"type":"if","locations":[{"start":{"line":11,"column":17},"end":{"line":32,"column":11}},{"start":{"line":14,"column":17},"end":{"line":32,"column":11}}],"line":11},"2":{"loc":{"start":{"line":14,"column":17},"end":{"line":32,"column":11}},"type":"if","locations":[{"start":{"line":14,"column":17},"end":{"line":32,"column":11}},{"start":{"line":17,"column":17},"end":{"line":32,"column":11}}],"line":14},"3":{"loc":{"start":{"line":17,"column":17},"end":{"line":32,"column":11}},"type":"if","locations":[{"start":{"line":17,"column":17},"end":{"line":32,"column":11}},{"start":{"line":29,"column":17},"end":{"line":32,"column":11}}],"line":17}},"s":{"0":1,"1":1,"2":6,"3":0,"4":0,"5":0,"6":0,"7":0,"8":0,"9":0,"10":0,"11":0,"12":0,"13":0,"14":0,"15":0,"16":1,"17":1,"18":7,"19":1,"20":1,"21":1,"22":1,"23":1,"24":0,"25":1,"26":0,"27":1,"28":1,"29":1,"30":0,"31":0,"32":1,"33":1,"34":0,"35":0,"36":0,"37":0,"38":0,"39":0,"40":1,"41":1,"42":0,"43":0,"44":0,"45":1},"f":{"0":1,"1":6,"2":0,"3":0,"4":0,"5":1,"6":7,"7":1,"8":1,"9":1,"10":1,"11":1,"12":0,"13":1,"14":0,"15":1,"16":0,"17":0,"18":1,"19":0,"20":0,"21":0,"22":0,"23":1,"24":0,"25":0,"26":0},"b":{"0":[0,0],"1":[0,0],"2":[0,0],"3":[0,0]},"_coverageSchema":"1a1c01bbd47fc00a2c39e90264f33305004495a9","hash":"63b9ef5bee0caace81aec6b0f2d023c7b130cea8"}
,"/Users/heyonggang/Projects/kukai/src/__tests__/services/NotificationService.mock.js": {"path":"/Users/heyonggang/Projects/kukai/src/__tests__/services/NotificationService.mock.js","statementMap":{"0":{"start":{"line":2,"column":0},"end":{"line":20,"column":4}},"1":{"start":{"line":2,"column":39},"end":{"line":20,"column":1}},"2":{"start":{"line":4,"column":43},"end":{"line":4,"column":81}},"3":{"start":{"line":5,"column":50},"end":{"line":5,"column":67}},"4":{"start":{"line":6,"column":42},"end":{"line":6,"column":59}},"5":{"start":{"line":7,"column":37},"end":{"line":7,"column":75}},"6":{"start":{"line":8,"column":41},"end":{"line":8,"column":79}},"7":{"start":{"line":9,"column":45},"end":{"line":9,"column":62}},"8":{"start":{"line":11,"column":46},"end":{"line":11,"column":63}},"9":{"start":{"line":12,"column":57},"end":{"line":12,"column":66}},"10":{"start":{"line":23,"column":0},"end":{"line":33,"column":4}},"11":{"start":{"line":23,"column":58},"end":{"line":33,"column":1}},"12":{"start":{"line":36,"column":0},"end":{"line":39,"column":4}},"13":{"start":{"line":36,"column":62},"end":{"line":39,"column":1}},"14":{"start":{"line":38,"column":25},"end":{"line":38,"column":32}},"15":{"start":{"line":42,"column":0},"end":{"line":47,"column":2}}},"fnMap":{"0":{"name":"(anonymous_0)","decl":{"start":{"line":2,"column":32},"end":{"line":2,"column":33}},"loc":{"start":{"line":2,"column":39},"end":{"line":20,"column":1}},"line":2},"1":{"name":"(anonymous_1)","decl":{"start":{"line":4,"column":37},"end":{"line":4,"column":38}},"loc":{"start":{"line":4,"column":43},"end":{"line":4,"column":81}},"line":4},"2":{"name":"(anonymous_2)","decl":{"start":{"line":5,"column":44},"end":{"line":5,"column":45}},"loc":{"start":{"line":5,"column":50},"end":{"line":5,"column":67}},"line":5},"3":{"name":"(anonymous_3)","decl":{"start":{"line":6,"column":36},"end":{"line":6,"column":37}},"loc":{"start":{"line":6,"column":42},"end":{"line":6,"column":59}},"line":6},"4":{"name":"(anonymous_4)","decl":{"start":{"line":7,"column":31},"end":{"line":7,"column":32}},"loc":{"start":{"line":7,"column":37},"end":{"line":7,"column":75}},"line":7},"5":{"name":"(anonymous_5)","decl":{"start":{"line":8,"column":35},"end":{"line":8,"column":36}},"loc":{"start":{"line":8,"column":41},"end":{"line":8,"column":79}},"line":8},"6":{"name":"(anonymous_6)","decl":{"start":{"line":9,"column":39},"end":{"line":9,"column":40}},"loc":{"start":{"line":9,"column":45},"end":{"line":9,"column":62}},"line":9},"7":{"name":"(anonymous_7)","decl":{"start":{"line":11,"column":40},"end":{"line":11,"column":41}},"loc":{"start":{"line":11,"column":46},"end":{"line":11,"column":63}},"line":11},"8":{"name":"(anonymous_8)","decl":{"start":{"line":12,"column":51},"end":{"line":12,"column":52}},"loc":{"start":{"line":12,"column":57},"end":{"line":12,"column":66}},"line":12},"9":{"name":"(anonymous_9)","decl":{"start":{"line":23,"column":51},"end":{"line":23,"column":52}},"loc":{"start":{"line":23,"column":58},"end":{"line":33,"column":1}},"line":23},"10":{"name":"(anonymous_10)","decl":{"start":{"line":36,"column":55},"end":{"line":36,"column":56}},"loc":{"start":{"line":36,"column":62},"end":{"line":39,"column":1}},"line":36},"11":{"name":"(anonymous_11)","decl":{"start":{"line":38,"column":18},"end":{"line":38,"column":19}},"loc":{"start":{"line":38,"column":25},"end":{"line":38,"column":32}},"line":38}},"branchMap":{},"s":{"0":1,"1":1,"2":1,"3":0,"4":0,"5":0,"6":0,"7":0,"8":1,"9":0,"10":1,"11":1,"12":1,"13":1,"14":0,"15":1},"f":{"0":1,"1":1,"2":0,"3":0,"4":0,"5":0,"6":0,"7":1,"8":0,"9":1,"10":1,"11":0},"b":{},"_coverageSchema":"1a1c01bbd47fc00a2c39e90264f33305004495a9","hash":"8f730f59be5c95f0e1983787c25dbf92488b40e8"}
,"/Users/heyonggang/Projects/kukai/src/__tests__/utils/AnimationUtils.mock.js": {"path":"/Users/heyonggang/Projects/kukai/src/__tests__/utils/AnimationUtils.mock.js","statementMap":{"0":{"start":{"line":4,"column":22},"end":{"line":4,"column":31}},"1":{"start":{"line":5,"column":23},"end":{"line":5,"column":32}},"2":{"start":{"line":6,"column":25},"end":{"line":6,"column":34}},"3":{"start":{"line":7,"column":21},"end":{"line":7,"column":30}},"4":{"start":{"line":8,"column":23},"end":{"line":8,"column":32}},"5":{"start":{"line":9,"column":30},"end":{"line":9,"column":39}}},"fnMap":{},"branchMap":{},"s":{"0":1,"1":1,"2":1,"3":1,"4":1,"5":1},"f":{},"b":{},"_coverageSchema":"1a1c01bbd47fc00a2c39e90264f33305004495a9","hash":"e4f2d1fac194b5a6d9f190e7db62cefdb4c3a07c"}
,"/Users/heyonggang/Projects/kukai/src/services/DatabaseBackupService.js": {"path":"/Users/heyonggang/Projects/kukai/src/services/DatabaseBackupService.js","statementMap":{"0":{"start":{"line":17,"column":25},"end":{"line":24,"column":1}},"1":{"start":{"line":27,"column":29},"end":{"line":27,"column":46}},"2":{"start":{"line":28,"column":25},"end":{"line":28,"column":39}},"3":{"start":{"line":31,"column":21},"end":{"line":40,"column":1}},"4":{"start":{"line":43,"column":27},"end":{"line":48,"column":1}},"5":{"start":{"line":56,"column":4},"end":{"line":56,"column":63}},"6":{"start":{"line":57,"column":4},"end":{"line":57,"column":74}},"7":{"start":{"line":58,"column":4},"end":{"line":58,"column":69}},"8":{"start":{"line":61,"column":4},"end":{"line":74,"column":6}},"9":{"start":{"line":77,"column":4},"end":{"line":86,"column":6}},"10":{"start":{"line":89,"column":4},"end":{"line":89,"column":36}},"11":{"start":{"line":90,"column":4},"end":{"line":90,"column":37}},"12":{"start":{"line":91,"column":4},"end":{"line":91,"column":35}},"13":{"start":{"line":92,"column":4},"end":{"line":92,"column":36}},"14":{"start":{"line":93,"column":4},"end":{"line":93,"column":32}},"15":{"start":{"line":94,"column":4},"end":{"line":94,"column":33}},"16":{"start":{"line":101,"column":4},"end":{"line":123,"column":5}},"17":{"start":{"line":103,"column":6},"end":{"line":103,"column":41}},"18":{"start":{"line":104,"column":6},"end":{"line":104,"column":46}},"19":{"start":{"line":105,"column":6},"end":{"line":105,"column":45}},"20":{"start":{"line":108,"column":6},"end":{"line":108,"column":36}},"21":{"start":{"line":111,"column":6},"end":{"line":111,"column":35}},"22":{"start":{"line":114,"column":6},"end":{"line":116,"column":7}},"23":{"start":{"line":115,"column":8},"end":{"line":115,"column":42}},"24":{"start":{"line":118,"column":6},"end":{"line":118,"column":61}},"25":{"start":{"line":119,"column":6},"end":{"line":119,"column":31}},"26":{"start":{"line":121,"column":6},"end":{"line":121,"column":67}},"27":{"start":{"line":122,"column":6},"end":{"line":122,"column":39}},"28":{"start":{"line":130,"column":4},"end":{"line":142,"column":5}},"29":{"start":{"line":131,"column":22},"end":{"line":131,"column":67}},"30":{"start":{"line":133,"column":6},"end":{"line":136,"column":7}},"31":{"start":{"line":134,"column":8},"end":{"line":134,"column":85}},"32":{"start":{"line":135,"column":8},"end":{"line":135,"column":48}},"33":{"start":{"line":138,"column":6},"end":{"line":138,"column":18}},"34":{"start":{"line":140,"column":6},"end":{"line":140,"column":63}},"35":{"start":{"line":141,"column":6},"end":{"line":141,"column":18}},"36":{"start":{"line":149,"column":4},"end":{"line":161,"column":5}},"37":{"start":{"line":150,"column":22},"end":{"line":150,"column":72}},"38":{"start":{"line":152,"column":6},"end":{"line":155,"column":7}},"39":{"start":{"line":153,"column":8},"end":{"line":153,"column":90}},"40":{"start":{"line":154,"column":8},"end":{"line":154,"column":54}},"41":{"start":{"line":157,"column":6},"end":{"line":157,"column":18}},"42":{"start":{"line":159,"column":6},"end":{"line":159,"column":69}},"43":{"start":{"line":160,"column":6},"end":{"line":160,"column":18}},"44":{"start":{"line":168,"column":4},"end":{"line":180,"column":5}},"45":{"start":{"line":169,"column":22},"end":{"line":169,"column":71}},"46":{"start":{"line":171,"column":6},"end":{"line":174,"column":7}},"47":{"start":{"line":172,"column":8},"end":{"line":172,"column":89}},"48":{"start":{"line":173,"column":8},"end":{"line":173,"column":58}},"49":{"start":{"line":176,"column":6},"end":{"line":176,"column":18}},"50":{"start":{"line":178,"column":6},"end":{"line":178,"column":73}},"51":{"start":{"line":179,"column":6},"end":{"line":179,"column":18}},"52":{"start":{"line":187,"column":4},"end":{"line":197,"column":5}},"53":{"start":{"line":188,"column":26},"end":{"line":188,"column":70}},"54":{"start":{"line":189,"column":6},"end":{"line":194,"column":7}},"55":{"start":{"line":190,"column":8},"end":{"line":190,"column":69}},"56":{"start":{"line":193,"column":8},"end":{"line":193,"column":72}},"57":{"start":{"line":196,"column":6},"end":{"line":196,"column":59}},"58":{"start":{"line":204,"column":4},"end":{"line":214,"column":5}},"59":{"start":{"line":205,"column":25},"end":{"line":205,"column":68}},"60":{"start":{"line":206,"column":6},"end":{"line":211,"column":7}},"61":{"start":{"line":207,"column":8},"end":{"line":207,"column":66}},"62":{"start":{"line":210,"column":8},"end":{"line":210,"column":70}},"63":{"start":{"line":213,"column":6},"end":{"line":213,"column":58}},"64":{"start":{"line":222,"column":4},"end":{"line":229,"column":5}},"65":{"start":{"line":223,"column":6},"end":{"line":223,"column":59}},"66":{"start":{"line":224,"column":6},"end":{"line":224,"column":68}},"67":{"start":{"line":225,"column":6},"end":{"line":225,"column":18}},"68":{"start":{"line":227,"column":6},"end":{"line":227,"column":59}},"69":{"start":{"line":228,"column":6},"end":{"line":228,"column":19}},"70":{"start":{"line":237,"column":4},"end":{"line":254,"column":5}},"71":{"start":{"line":239,"column":22},"end":{"line":239,"column":58}},"72":{"start":{"line":240,"column":6},"end":{"line":240,"column":29}},"73":{"start":{"line":242,"column":6},"end":{"line":244,"column":7}},"74":{"start":{"line":243,"column":8},"end":{"line":243,"column":28}},"75":{"start":{"line":246,"column":6},"end":{"line":248,"column":9}},"76":{"start":{"line":250,"column":6},"end":{"line":250,"column":18}},"77":{"start":{"line":252,"column":6},"end":{"line":252,"column":61}},"78":{"start":{"line":253,"column":6},"end":{"line":253,"column":19}},"79":{"start":{"line":262,"column":4},"end":{"line":275,"column":5}},"80":{"start":{"line":263,"column":6},"end":{"line":263,"column":62}},"81":{"start":{"line":264,"column":6},"end":{"line":264,"column":70}},"82":{"start":{"line":267,"column":6},"end":{"line":269,"column":7}},"83":{"start":{"line":268,"column":8},"end":{"line":268,"column":42}},"84":{"start":{"line":271,"column":6},"end":{"line":271,"column":31}},"85":{"start":{"line":273,"column":6},"end":{"line":273,"column":58}},"86":{"start":{"line":274,"column":6},"end":{"line":274,"column":39}},"87":{"start":{"line":282,"column":4},"end":{"line":298,"column":5}},"88":{"start":{"line":284,"column":6},"end":{"line":287,"column":7}},"89":{"start":{"line":285,"column":8},"end":{"line":285,"column":64}},"90":{"start":{"line":286,"column":8},"end":{"line":286,"column":72}},"91":{"start":{"line":290,"column":29},"end":{"line":290,"column":59}},"92":{"start":{"line":291,"column":6},"end":{"line":291,"column":89}},"93":{"start":{"line":293,"column":6},"end":{"line":293,"column":80}},"94":{"start":{"line":294,"column":6},"end":{"line":294,"column":59}},"95":{"start":{"line":296,"column":6},"end":{"line":296,"column":62}},"96":{"start":{"line":297,"column":6},"end":{"line":297,"column":39}},"97":{"start":{"line":306,"column":16},"end":{"line":306,"column":26}},"98":{"start":{"line":307,"column":19},"end":{"line":307,"column":29}},"99":{"start":{"line":309,"column":4},"end":{"line":332,"column":5}},"100":{"start":{"line":312,"column":8},"end":{"line":312,"column":44}},"101":{"start":{"line":313,"column":8},"end":{"line":313,"column":38}},"102":{"start":{"line":314,"column":8},"end":{"line":314,"column":14}},"103":{"start":{"line":318,"column":8},"end":{"line":318,"column":44}},"104":{"start":{"line":319,"column":8},"end":{"line":319,"column":38}},"105":{"start":{"line":320,"column":8},"end":{"line":320,"column":14}},"106":{"start":{"line":324,"column":8},"end":{"line":324,"column":46}},"107":{"start":{"line":325,"column":8},"end":{"line":325,"column":38}},"108":{"start":{"line":326,"column":8},"end":{"line":326,"column":14}},"109":{"start":{"line":330,"column":8},"end":{"line":330,"column":44}},"110":{"start":{"line":331,"column":8},"end":{"line":331,"column":38}},"111":{"start":{"line":334,"column":4},"end":{"line":334,"column":20}},"112":{"start":{"line":342,"column":4},"end":{"line":439,"column":5}},"113":{"start":{"line":344,"column":6},"end":{"line":346,"column":7}},"114":{"start":{"line":345,"column":8},"end":{"line":345,"column":71}},"115":{"start":{"line":349,"column":32},"end":{"line":349,"column":84}},"116":{"start":{"line":350,"column":6},"end":{"line":354,"column":7}},"117":{"start":{"line":352,"column":8},"end":{"line":352,"column":42}},"118":{"start":{"line":353,"column":8},"end":{"line":353,"column":86}},"119":{"start":{"line":357,"column":29},"end":{"line":357,"column":56}},"120":{"start":{"line":358,"column":18},"end":{"line":358,"column":28}},"121":{"start":{"line":360,"column":6},"end":{"line":424,"column":7}},"122":{"start":{"line":361,"column":8},"end":{"line":361,"column":47}},"123":{"start":{"line":364,"column":25},"end":{"line":364,"column":42}},"124":{"start":{"line":365,"column":8},"end":{"line":371,"column":9}},"125":{"start":{"line":366,"column":10},"end":{"line":366,"column":42}},"126":{"start":{"line":367,"column":15},"end":{"line":371,"column":9}},"127":{"start":{"line":368,"column":10},"end":{"line":368,"column":43}},"128":{"start":{"line":369,"column":15},"end":{"line":371,"column":9}},"129":{"start":{"line":370,"column":10},"end":{"line":370,"column":44}},"130":{"start":{"line":374,"column":29},"end":{"line":374,"column":45}},"131":{"start":{"line":375,"column":27},"end":{"line":375,"column":78}},"132":{"start":{"line":378,"column":29},"end":{"line":378,"column":86}},"133":{"start":{"line":381,"column":8},"end":{"line":381,"column":42}},"134":{"start":{"line":384,"column":8},"end":{"line":384,"column":49}},"135":{"start":{"line":387,"column":8},"end":{"line":416,"column":9}},"136":{"start":{"line":388,"column":10},"end":{"line":396,"column":13}},"137":{"start":{"line":399,"column":10},"end":{"line":405,"column":13}},"138":{"start":{"line":408,"column":10},"end":{"line":413,"column":13}},"139":{"start":{"line":415,"column":10},"end":{"line":415,"column":52}},"140":{"start":{"line":418,"column":8},"end":{"line":423,"column":10}},"141":{"start":{"line":426,"column":6},"end":{"line":430,"column":8}},"142":{"start":{"line":432,"column":6},"end":{"line":432,"column":63}},"143":{"start":{"line":433,"column":6},"end":{"line":433,"column":43}},"144":{"start":{"line":435,"column":6},"end":{"line":438,"column":8}},"145":{"start":{"line":447,"column":4},"end":{"line":473,"column":5}},"146":{"start":{"line":449,"column":26},"end":{"line":449,"column":53}},"147":{"start":{"line":451,"column":6},"end":{"line":453,"column":7}},"148":{"start":{"line":452,"column":8},"end":{"line":452,"column":60}},"149":{"start":{"line":455,"column":6},"end":{"line":467,"column":7}},"150":{"start":{"line":457,"column":8},"end":{"line":457,"column":73}},"151":{"start":{"line":460,"column":8},"end":{"line":460,"column":80}},"152":{"start":{"line":461,"column":8},"end":{"line":461,"column":82}},"153":{"start":{"line":462,"column":8},"end":{"line":462,"column":89}},"154":{"start":{"line":463,"column":8},"end":{"line":463,"column":87}},"155":{"start":{"line":464,"column":8},"end":{"line":464,"column":81}},"156":{"start":{"line":465,"column":8},"end":{"line":465,"column":82}},"157":{"start":{"line":466,"column":8},"end":{"line":466,"column":83}},"158":{"start":{"line":469,"column":6},"end":{"line":469,"column":31}},"159":{"start":{"line":471,"column":6},"end":{"line":471,"column":61}},"160":{"start":{"line":472,"column":6},"end":{"line":472,"column":39}},"161":{"start":{"line":482,"column":4},"end":{"line":529,"column":5}},"162":{"start":{"line":484,"column":21},"end":{"line":484,"column":37}},"163":{"start":{"line":487,"column":26},"end":{"line":489,"column":7}},"164":{"start":{"line":488,"column":18},"end":{"line":488,"column":48}},"165":{"start":{"line":492,"column":22},"end":{"line":492,"column":50}},"166":{"start":{"line":494,"column":6},"end":{"line":504,"column":7}},"167":{"start":{"line":495,"column":8},"end":{"line":495,"column":56}},"168":{"start":{"line":496,"column":13},"end":{"line":504,"column":7}},"169":{"start":{"line":497,"column":8},"end":{"line":497,"column":59}},"170":{"start":{"line":498,"column":13},"end":{"line":504,"column":7}},"171":{"start":{"line":499,"column":8},"end":{"line":499,"column":22}},"172":{"start":{"line":500,"column":13},"end":{"line":504,"column":7}},"173":{"start":{"line":501,"column":8},"end":{"line":501,"column":22}},"174":{"start":{"line":502,"column":13},"end":{"line":504,"column":7}},"175":{"start":{"line":503,"column":8},"end":{"line":503,"column":23}},"176":{"start":{"line":507,"column":6},"end":{"line":523,"column":7}},"177":{"start":{"line":509,"column":8},"end":{"line":509,"column":58}},"178":{"start":{"line":509,"column":35},"end":{"line":509,"column":56}},"179":{"start":{"line":512,"column":32},"end":{"line":512,"column":60}},"180":{"start":{"line":515,"column":8},"end":{"line":522,"column":9}},"181":{"start":{"line":516,"column":10},"end":{"line":521,"column":11}},"182":{"start":{"line":517,"column":12},"end":{"line":517,"column":54}},"183":{"start":{"line":518,"column":12},"end":{"line":518,"column":76}},"184":{"start":{"line":520,"column":12},"end":{"line":520,"column":74}},"185":{"start":{"line":525,"column":6},"end":{"line":525,"column":31}},"186":{"start":{"line":527,"column":6},"end":{"line":527,"column":71}},"187":{"start":{"line":528,"column":6},"end":{"line":528,"column":39}},"188":{"start":{"line":536,"column":4},"end":{"line":584,"column":5}},"189":{"start":{"line":538,"column":6},"end":{"line":538,"column":41}},"190":{"start":{"line":541,"column":23},"end":{"line":541,"column":74}},"191":{"start":{"line":544,"column":26},"end":{"line":544,"column":73}},"192":{"start":{"line":544,"column":50},"end":{"line":544,"column":72}},"193":{"start":{"line":547,"column":22},"end":{"line":575,"column":7}},"194":{"start":{"line":549,"column":10},"end":{"line":573,"column":11}},"195":{"start":{"line":550,"column":29},"end":{"line":550,"column":85}},"196":{"start":{"line":554,"column":12},"end":{"line":562,"column":13}},"197":{"start":{"line":555,"column":30},"end":{"line":555,"column":66}},"198":{"start":{"line":556,"column":14},"end":{"line":556,"column":42}},"199":{"start":{"line":557,"column":14},"end":{"line":559,"column":15}},"200":{"start":{"line":558,"column":16},"end":{"line":558,"column":69}},"201":{"start":{"line":561,"column":14},"end":{"line":561,"column":67}},"202":{"start":{"line":564,"column":12},"end":{"line":569,"column":14}},"203":{"start":{"line":571,"column":12},"end":{"line":571,"column":72}},"204":{"start":{"line":572,"column":12},"end":{"line":572,"column":24}},"205":{"start":{"line":578,"column":27},"end":{"line":578,"column":88}},"206":{"start":{"line":578,"column":66},"end":{"line":578,"column":87}},"207":{"start":{"line":580,"column":6},"end":{"line":580,"column":54}},"208":{"start":{"line":582,"column":6},"end":{"line":582,"column":58}},"209":{"start":{"line":583,"column":6},"end":{"line":583,"column":39}},"210":{"start":{"line":594,"column":4},"end":{"line":752,"column":5}},"211":{"start":{"line":596,"column":6},"end":{"line":601,"column":7}},"212":{"start":{"line":597,"column":8},"end":{"line":600,"column":10}},"213":{"start":{"line":603,"column":6},"end":{"line":603,"column":37}},"214":{"start":{"line":604,"column":6},"end":{"line":604,"column":37}},"215":{"start":{"line":607,"column":25},"end":{"line":607,"column":83}},"216":{"start":{"line":608,"column":25},"end":{"line":608,"column":60}},"217":{"start":{"line":609,"column":25},"end":{"line":609,"column":62}},"218":{"start":{"line":612,"column":6},"end":{"line":612,"column":41}},"219":{"start":{"line":614,"column":6},"end":{"line":748,"column":7}},"220":{"start":{"line":616,"column":8},"end":{"line":616,"column":40}},"221":{"start":{"line":619,"column":22},"end":{"line":619,"column":24}},"222":{"start":{"line":620,"column":25},"end":{"line":620,"column":27}},"223":{"start":{"line":621,"column":26},"end":{"line":621,"column":28}},"224":{"start":{"line":623,"column":8},"end":{"line":645,"column":9}},"225":{"start":{"line":624,"column":10},"end":{"line":644,"column":11}},"226":{"start":{"line":625,"column":12},"end":{"line":629,"column":14}},"227":{"start":{"line":631,"column":12},"end":{"line":637,"column":14}},"228":{"start":{"line":639,"column":12},"end":{"line":641,"column":14}},"229":{"start":{"line":643,"column":12},"end":{"line":643,"column":70}},"230":{"start":{"line":648,"column":8},"end":{"line":648,"column":40}},"231":{"start":{"line":651,"column":26},"end":{"line":651,"column":62}},"232":{"start":{"line":654,"column":23},"end":{"line":654,"column":63}},"233":{"start":{"line":657,"column":8},"end":{"line":657,"column":40}},"234":{"start":{"line":660,"column":27},"end":{"line":670,"column":9}},"235":{"start":{"line":673,"column":33},"end":{"line":673,"column":51}},"236":{"start":{"line":676,"column":8},"end":{"line":693,"column":9}},"237":{"start":{"line":676,"column":21},"end":{"line":676,"column":22}},"238":{"start":{"line":677,"column":24},"end":{"line":677,"column":33}},"239":{"start":{"line":678,"column":10},"end":{"line":692,"column":11}},"240":{"start":{"line":680,"column":12},"end":{"line":682,"column":13}},"241":{"start":{"line":681,"column":14},"end":{"line":681,"column":23}},"242":{"start":{"line":684,"column":30},"end":{"line":684,"column":83}},"243":{"start":{"line":685,"column":12},"end":{"line":685,"column":49}},"244":{"start":{"line":688,"column":12},"end":{"line":688,"column":73}},"245":{"start":{"line":690,"column":12},"end":{"line":690,"column":69}},"246":{"start":{"line":691,"column":12},"end":{"line":691,"column":64}},"247":{"start":{"line":696,"column":8},"end":{"line":696,"column":40}},"248":{"start":{"line":699,"column":8},"end":{"line":705,"column":10}},"249":{"start":{"line":702,"column":12},"end":{"line":702,"column":67}},"250":{"start":{"line":708,"column":8},"end":{"line":711,"column":10}},"251":{"start":{"line":714,"column":25},"end":{"line":714,"column":66}},"252":{"start":{"line":717,"column":8},"end":{"line":717,"column":41}},"253":{"start":{"line":719,"column":8},"end":{"line":719,"column":83}},"254":{"start":{"line":722,"column":27},"end":{"line":722,"column":40}},"255":{"start":{"line":723,"column":29},"end":{"line":723,"column":71}},"256":{"start":{"line":724,"column":27},"end":{"line":724,"column":116}},"257":{"start":{"line":725,"column":31},"end":{"line":725,"column":89}},"258":{"start":{"line":727,"column":8},"end":{"line":730,"column":11}},"259":{"start":{"line":733,"column":8},"end":{"line":733,"column":40}},"260":{"start":{"line":735,"column":8},"end":{"line":742,"column":10}},"261":{"start":{"line":745,"column":8},"end":{"line":745,"column":40}},"262":{"start":{"line":746,"column":8},"end":{"line":746,"column":45}},"263":{"start":{"line":747,"column":8},"end":{"line":747,"column":20}},"264":{"start":{"line":750,"column":6},"end":{"line":750,"column":53}},"265":{"start":{"line":751,"column":6},"end":{"line":751,"column":54}},"266":{"start":{"line":760,"column":4},"end":{"line":798,"column":5}},"267":{"start":{"line":762,"column":23},"end":{"line":762,"column":39}},"268":{"start":{"line":763,"column":6},"end":{"line":766,"column":7}},"269":{"start":{"line":764,"column":8},"end":{"line":765,"column":62}},"270":{"start":{"line":769,"column":23},"end":{"line":769,"column":64}},"271":{"start":{"line":770,"column":6},"end":{"line":775,"column":7}},"272":{"start":{"line":771,"column":8},"end":{"line":774,"column":10}},"273":{"start":{"line":778,"column":6},"end":{"line":783,"column":7}},"274":{"start":{"line":779,"column":8},"end":{"line":782,"column":10}},"275":{"start":{"line":786,"column":6},"end":{"line":789,"column":9}},"276":{"start":{"line":791,"column":6},"end":{"line":794,"column":8}},"277":{"start":{"line":796,"column":6},"end":{"line":796,"column":52}},"278":{"start":{"line":797,"column":6},"end":{"line":797,"column":54}},"279":{"start":{"line":805,"column":4},"end":{"line":853,"column":5}},"280":{"start":{"line":807,"column":21},"end":{"line":810,"column":8}},"281":{"start":{"line":812,"column":6},"end":{"line":817,"column":7}},"282":{"start":{"line":813,"column":8},"end":{"line":816,"column":10}},"283":{"start":{"line":819,"column":19},"end":{"line":819,"column":35}},"284":{"start":{"line":822,"column":23},"end":{"line":822,"column":72}},"285":{"start":{"line":823,"column":22},"end":{"line":823,"column":47}},"286":{"start":{"line":825,"column":6},"end":{"line":828,"column":9}},"287":{"start":{"line":831,"column":31},"end":{"line":831,"column":69}},"288":{"start":{"line":833,"column":6},"end":{"line":841,"column":7}},"289":{"start":{"line":835,"column":8},"end":{"line":835,"column":46}},"290":{"start":{"line":837,"column":8},"end":{"line":840,"column":10}},"291":{"start":{"line":843,"column":6},"end":{"line":849,"column":8}},"292":{"start":{"line":851,"column":6},"end":{"line":851,"column":54}},"293":{"start":{"line":852,"column":6},"end":{"line":852,"column":54}},"294":{"start":{"line":861,"column":4},"end":{"line":895,"column":5}},"295":{"start":{"line":863,"column":28},"end":{"line":863,"column":74}},"296":{"start":{"line":864,"column":25},"end":{"line":864,"column":50}},"297":{"start":{"line":867,"column":6},"end":{"line":872,"column":7}},"298":{"start":{"line":868,"column":8},"end":{"line":871,"column":10}},"299":{"start":{"line":875,"column":6},"end":{"line":883,"column":7}},"300":{"start":{"line":876,"column":26},"end":{"line":876,"column":54}},"301":{"start":{"line":877,"column":8},"end":{"line":882,"column":9}},"302":{"start":{"line":878,"column":10},"end":{"line":881,"column":12}},"303":{"start":{"line":885,"column":6},"end":{"line":888,"column":8}},"304":{"start":{"line":890,"column":6},"end":{"line":890,"column":60}},"305":{"start":{"line":891,"column":6},"end":{"line":894,"column":8}},"306":{"start":{"line":904,"column":4},"end":{"line":1084,"column":5}},"307":{"start":{"line":906,"column":6},"end":{"line":911,"column":7}},"308":{"start":{"line":907,"column":8},"end":{"line":910,"column":10}},"309":{"start":{"line":913,"column":6},"end":{"line":913,"column":38}},"310":{"start":{"line":914,"column":6},"end":{"line":914,"column":38}},"311":{"start":{"line":917,"column":23},"end":{"line":917,"column":39}},"312":{"start":{"line":918,"column":6},"end":{"line":921,"column":7}},"313":{"start":{"line":919,"column":8},"end":{"line":920,"column":62}},"314":{"start":{"line":924,"column":23},"end":{"line":924,"column":64}},"315":{"start":{"line":925,"column":6},"end":{"line":931,"column":7}},"316":{"start":{"line":926,"column":8},"end":{"line":926,"column":41}},"317":{"start":{"line":927,"column":8},"end":{"line":930,"column":10}},"318":{"start":{"line":933,"column":6},"end":{"line":1080,"column":7}},"319":{"start":{"line":935,"column":8},"end":{"line":935,"column":41}},"320":{"start":{"line":938,"column":30},"end":{"line":938,"column":76}},"321":{"start":{"line":939,"column":27},"end":{"line":939,"column":52}},"322":{"start":{"line":942,"column":8},"end":{"line":942,"column":41}},"323":{"start":{"line":945,"column":8},"end":{"line":949,"column":9}},"324":{"start":{"line":946,"column":10},"end":{"line":948,"column":13}},"325":{"start":{"line":952,"column":8},"end":{"line":952,"column":41}},"326":{"start":{"line":955,"column":8},"end":{"line":955,"column":46}},"327":{"start":{"line":958,"column":8},"end":{"line":967,"column":9}},"328":{"start":{"line":959,"column":25},"end":{"line":959,"column":73}},"329":{"start":{"line":960,"column":25},"end":{"line":960,"column":62}},"330":{"start":{"line":961,"column":10},"end":{"line":963,"column":11}},"331":{"start":{"line":962,"column":12},"end":{"line":962,"column":49}},"332":{"start":{"line":965,"column":10},"end":{"line":965,"column":64}},"333":{"start":{"line":970,"column":8},"end":{"line":970,"column":41}},"334":{"start":{"line":973,"column":8},"end":{"line":973,"column":43}},"335":{"start":{"line":976,"column":8},"end":{"line":976,"column":41}},"336":{"start":{"line":979,"column":32},"end":{"line":982,"column":9}},"337":{"start":{"line":980,"column":23},"end":{"line":981,"column":61}},"338":{"start":{"line":984,"column":33},"end":{"line":984,"column":73}},"339":{"start":{"line":987,"column":28},"end":{"line":987,"column":29}},"340":{"start":{"line":988,"column":25},"end":{"line":988,"column":26}},"341":{"start":{"line":990,"column":8},"end":{"line":1012,"column":9}},"342":{"start":{"line":990,"column":21},"end":{"line":990,"column":22}},"343":{"start":{"line":991,"column":28},"end":{"line":991,"column":46}},"344":{"start":{"line":992,"column":28},"end":{"line":992,"column":56}},"345":{"start":{"line":994,"column":10},"end":{"line":1008,"column":11}},"346":{"start":{"line":996,"column":12},"end":{"line":996,"column":68}},"347":{"start":{"line":999,"column":12},"end":{"line":1001,"column":13}},"348":{"start":{"line":1000,"column":14},"end":{"line":1000,"column":59}},"349":{"start":{"line":1003,"column":12},"end":{"line":1003,"column":28}},"350":{"start":{"line":1004,"column":12},"end":{"line":1004,"column":81}},"351":{"start":{"line":1006,"column":12},"end":{"line":1006,"column":25}},"352":{"start":{"line":1007,"column":12},"end":{"line":1007,"column":72}},"353":{"start":{"line":1011,"column":10},"end":{"line":1011,"column":72}},"354":{"start":{"line":1015,"column":8},"end":{"line":1015,"column":41}},"355":{"start":{"line":1018,"column":28},"end":{"line":1024,"column":9}},"356":{"start":{"line":1026,"column":8},"end":{"line":1026,"column":65}},"357":{"start":{"line":1029,"column":8},"end":{"line":1032,"column":11}},"358":{"start":{"line":1035,"column":8},"end":{"line":1042,"column":11}},"359":{"start":{"line":1045,"column":8},"end":{"line":1045,"column":42}},"360":{"start":{"line":1048,"column":8},"end":{"line":1048,"column":41}},"361":{"start":{"line":1050,"column":8},"end":{"line":1057,"column":10}},"362":{"start":{"line":1060,"column":8},"end":{"line":1060,"column":41}},"363":{"start":{"line":1061,"column":8},"end":{"line":1061,"column":46}},"364":{"start":{"line":1064,"column":8},"end":{"line":1070,"column":11}},"365":{"start":{"line":1073,"column":8},"end":{"line":1077,"column":9}},"366":{"start":{"line":1074,"column":10},"end":{"line":1074,"column":45}},"367":{"start":{"line":1076,"column":10},"end":{"line":1076,"column":93}},"368":{"start":{"line":1079,"column":8},"end":{"line":1079,"column":20}},"369":{"start":{"line":1082,"column":6},"end":{"line":1082,"column":54}},"370":{"start":{"line":1083,"column":6},"end":{"line":1083,"column":54}},"371":{"start":{"line":1091,"column":4},"end":{"line":1098,"column":6}},"372":{"start":{"line":1105,"column":4},"end":{"line":1108,"column":6}},"373":{"start":{"line":1115,"column":4},"end":{"line":1146,"column":5}},"374":{"start":{"line":1116,"column":6},"end":{"line":1122,"column":7}},"375":{"start":{"line":1118,"column":8},"end":{"line":1121,"column":10}},"376":{"start":{"line":1124,"column":32},"end":{"line":1124,"column":84}},"377":{"start":{"line":1125,"column":6},"end":{"line":1133,"column":7}},"378":{"start":{"line":1127,"column":23},"end":{"line":1127,"column":56}},"379":{"start":{"line":1128,"column":8},"end":{"line":1132,"column":10}},"380":{"start":{"line":1135,"column":6},"end":{"line":1139,"column":8}},"381":{"start":{"line":1141,"column":6},"end":{"line":1141,"column":67}},"382":{"start":{"line":1142,"column":6},"end":{"line":1145,"column":8}},"383":{"start":{"line":1154,"column":4},"end":{"line":1189,"column":5}},"384":{"start":{"line":1156,"column":23},"end":{"line":1156,"column":39}},"385":{"start":{"line":1157,"column":6},"end":{"line":1160,"column":7}},"386":{"start":{"line":1158,"column":8},"end":{"line":1159,"column":62}},"387":{"start":{"line":1163,"column":23},"end":{"line":1163,"column":64}},"388":{"start":{"line":1164,"column":6},"end":{"line":1169,"column":7}},"389":{"start":{"line":1165,"column":8},"end":{"line":1168,"column":10}},"390":{"start":{"line":1172,"column":6},"end":{"line":1172,"column":47}},"391":{"start":{"line":1175,"column":6},"end":{"line":1180,"column":9}},"392":{"start":{"line":1182,"column":6},"end":{"line":1185,"column":8}},"393":{"start":{"line":1187,"column":6},"end":{"line":1187,"column":53}},"394":{"start":{"line":1188,"column":6},"end":{"line":1188,"column":54}},"395":{"start":{"line":1197,"column":4},"end":{"line":1266,"column":5}},"396":{"start":{"line":1199,"column":26},"end":{"line":1199,"column":53}},"397":{"start":{"line":1201,"column":6},"end":{"line":1203,"column":7}},"398":{"start":{"line":1202,"column":8},"end":{"line":1202,"column":60}},"399":{"start":{"line":1206,"column":25},"end":{"line":1217,"column":7}},"400":{"start":{"line":1220,"column":6},"end":{"line":1244,"column":7}},"401":{"start":{"line":1221,"column":21},"end":{"line":1221,"column":32}},"402":{"start":{"line":1223,"column":8},"end":{"line":1243,"column":9}},"403":{"start":{"line":1224,"column":10},"end":{"line":1224,"column":39}},"404":{"start":{"line":1225,"column":15},"end":{"line":1243,"column":9}},"405":{"start":{"line":1226,"column":10},"end":{"line":1226,"column":41}},"406":{"start":{"line":1227,"column":15},"end":{"line":1243,"column":9}},"407":{"start":{"line":1228,"column":10},"end":{"line":1228,"column":40}},"408":{"start":{"line":1229,"column":15},"end":{"line":1243,"column":9}},"409":{"start":{"line":1230,"column":10},"end":{"line":1230,"column":41}},"410":{"start":{"line":1231,"column":15},"end":{"line":1243,"column":9}},"411":{"start":{"line":1232,"column":10},"end":{"line":1232,"column":42}},"412":{"start":{"line":1233,"column":15},"end":{"line":1243,"column":9}},"413":{"start":{"line":1234,"column":10},"end":{"line":1234,"column":46}},"414":{"start":{"line":1235,"column":15},"end":{"line":1243,"column":9}},"415":{"start":{"line":1236,"column":10},"end":{"line":1236,"column":48}},"416":{"start":{"line":1237,"column":15},"end":{"line":1243,"column":9}},"417":{"start":{"line":1238,"column":10},"end":{"line":1238,"column":45}},"418":{"start":{"line":1239,"column":15},"end":{"line":1243,"column":9}},"419":{"start":{"line":1240,"column":10},"end":{"line":1240,"column":43}},"420":{"start":{"line":1242,"column":10},"end":{"line":1242,"column":40}},"421":{"start":{"line":1247,"column":6},"end":{"line":1249,"column":7}},"422":{"start":{"line":1248,"column":8},"end":{"line":1248,"column":67}},"423":{"start":{"line":1248,"column":44},"end":{"line":1248,"column":65}},"424":{"start":{"line":1252,"column":25},"end":{"line":1252,"column":27}},"425":{"start":{"line":1253,"column":6},"end":{"line":1255,"column":7}},"426":{"start":{"line":1254,"column":8},"end":{"line":1254,"column":98}},"427":{"start":{"line":1254,"column":76},"end":{"line":1254,"column":93}},"428":{"start":{"line":1257,"column":6},"end":{"line":1262,"column":8}},"429":{"start":{"line":1264,"column":6},"end":{"line":1264,"column":58}},"430":{"start":{"line":1265,"column":6},"end":{"line":1265,"column":54}},"431":{"start":{"line":1274,"column":4},"end":{"line":1323,"column":5}},"432":{"start":{"line":1276,"column":33},"end":{"line":1276,"column":63}},"433":{"start":{"line":1278,"column":6},"end":{"line":1280,"column":7}},"434":{"start":{"line":1279,"column":8},"end":{"line":1279,"column":67}},"435":{"start":{"line":1282,"column":29},"end":{"line":1282,"column":47}},"436":{"start":{"line":1283,"column":22},"end":{"line":1283,"column":24}},"437":{"start":{"line":1286,"column":23},"end":{"line":1296,"column":7}},"438":{"start":{"line":1298,"column":6},"end":{"line":1313,"column":7}},"439":{"start":{"line":1299,"column":8},"end":{"line":1312,"column":9}},"440":{"start":{"line":1301,"column":27},"end":{"line":1301,"column":73}},"441":{"start":{"line":1304,"column":10},"end":{"line":1311,"column":11}},"442":{"start":{"line":1305,"column":12},"end":{"line":1310,"column":13}},"443":{"start":{"line":1306,"column":14},"end":{"line":1306,"column":51}},"444":{"start":{"line":1307,"column":14},"end":{"line":1307,"column":40}},"445":{"start":{"line":1309,"column":14},"end":{"line":1309,"column":76}},"446":{"start":{"line":1315,"column":6},"end":{"line":1319,"column":8}},"447":{"start":{"line":1321,"column":6},"end":{"line":1321,"column":70}},"448":{"start":{"line":1322,"column":6},"end":{"line":1322,"column":54}},"449":{"start":{"line":1330,"column":4},"end":{"line":1360,"column":5}},"450":{"start":{"line":1332,"column":33},"end":{"line":1332,"column":63}},"451":{"start":{"line":1334,"column":6},"end":{"line":1336,"column":7}},"452":{"start":{"line":1335,"column":8},"end":{"line":1335,"column":67}},"453":{"start":{"line":1338,"column":43},"end":{"line":1338,"column":61}},"454":{"start":{"line":1341,"column":24},"end":{"line":1341,"column":86}},"455":{"start":{"line":1341,"column":72},"end":{"line":1341,"column":82}},"456":{"start":{"line":1344,"column":26},"end":{"line":1344,"column":28}},"457":{"start":{"line":1345,"column":6},"end":{"line":1347,"column":7}},"458":{"start":{"line":1346,"column":8},"end":{"line":1346,"column":89}},"459":{"start":{"line":1349,"column":6},"end":{"line":1356,"column":8}},"460":{"start":{"line":1358,"column":6},"end":{"line":1358,"column":63}},"461":{"start":{"line":1359,"column":6},"end":{"line":1359,"column":54}},"462":{"start":{"line":1369,"column":4},"end":{"line":1369,"column":38}},"463":{"start":{"line":1369,"column":21},"end":{"line":1369,"column":38}},"464":{"start":{"line":1371,"column":14},"end":{"line":1371,"column":18}},"465":{"start":{"line":1372,"column":18},"end":{"line":1372,"column":45}},"466":{"start":{"line":1373,"column":14},"end":{"line":1373,"column":55}},"467":{"start":{"line":1375,"column":4},"end":{"line":1375,"column":76}},"468":{"start":{"line":1384,"column":16},"end":{"line":1384,"column":26}},"469":{"start":{"line":1385,"column":20},"end":{"line":1385,"column":51}},"470":{"start":{"line":1386,"column":20},"end":{"line":1386,"column":83}},"471":{"start":{"line":1388,"column":4},"end":{"line":1388,"column":49}},"472":{"start":{"line":1393,"column":30},"end":{"line":1393,"column":57}}},"fnMap":{"0":{"name":"(anonymous_0)","decl":{"start":{"line":55,"column":2},"end":{"line":55,"column":3}},"loc":{"start":{"line":55,"column":16},"end":{"line":95,"column":3}},"line":55},"1":{"name":"(anonymous_1)","decl":{"start":{"line":100,"column":2},"end":{"line":100,"column":3}},"loc":{"start":{"line":100,"column":21},"end":{"line":124,"column":3}},"line":100},"2":{"name":"(anonymous_2)","decl":{"start":{"line":129,"column":2},"end":{"line":129,"column":3}},"loc":{"start":{"line":129,"column":32},"end":{"line":143,"column":3}},"line":129},"3":{"name":"(anonymous_3)","decl":{"start":{"line":148,"column":2},"end":{"line":148,"column":3}},"loc":{"start":{"line":148,"column":37},"end":{"line":162,"column":3}},"line":148},"4":{"name":"(anonymous_4)","decl":{"start":{"line":167,"column":2},"end":{"line":167,"column":3}},"loc":{"start":{"line":167,"column":36},"end":{"line":181,"column":3}},"line":167},"5":{"name":"(anonymous_5)","decl":{"start":{"line":186,"column":2},"end":{"line":186,"column":3}},"loc":{"start":{"line":186,"column":27},"end":{"line":198,"column":3}},"line":186},"6":{"name":"(anonymous_6)","decl":{"start":{"line":203,"column":2},"end":{"line":203,"column":3}},"loc":{"start":{"line":203,"column":26},"end":{"line":215,"column":3}},"line":203},"7":{"name":"(anonymous_7)","decl":{"start":{"line":221,"column":2},"end":{"line":221,"column":3}},"loc":{"start":{"line":221,"column":33},"end":{"line":230,"column":3}},"line":221},"8":{"name":"(anonymous_8)","decl":{"start":{"line":236,"column":2},"end":{"line":236,"column":3}},"loc":{"start":{"line":236,"column":37},"end":{"line":255,"column":3}},"line":236},"9":{"name":"(anonymous_9)","decl":{"start":{"line":261,"column":2},"end":{"line":261,"column":3}},"loc":{"start":{"line":261,"column":33},"end":{"line":276,"column":3}},"line":261},"10":{"name":"(anonymous_10)","decl":{"start":{"line":281,"column":2},"end":{"line":281,"column":3}},"loc":{"start":{"line":281,"column":31},"end":{"line":299,"column":3}},"line":281},"11":{"name":"(anonymous_11)","decl":{"start":{"line":305,"column":2},"end":{"line":305,"column":3}},"loc":{"start":{"line":305,"column":28},"end":{"line":335,"column":3}},"line":305},"12":{"name":"(anonymous_12)","decl":{"start":{"line":341,"column":2},"end":{"line":341,"column":3}},"loc":{"start":{"line":341,"column":31},"end":{"line":440,"column":3}},"line":341},"13":{"name":"(anonymous_13)","decl":{"start":{"line":446,"column":2},"end":{"line":446,"column":3}},"loc":{"start":{"line":446,"column":45},"end":{"line":474,"column":3}},"line":446},"14":{"name":"(anonymous_14)","decl":{"start":{"line":481,"column":2},"end":{"line":481,"column":3}},"loc":{"start":{"line":481,"column":50},"end":{"line":530,"column":3}},"line":481},"15":{"name":"(anonymous_15)","decl":{"start":{"line":488,"column":8},"end":{"line":488,"column":9}},"loc":{"start":{"line":488,"column":18},"end":{"line":488,"column":48}},"line":488},"16":{"name":"(anonymous_16)","decl":{"start":{"line":509,"column":25},"end":{"line":509,"column":26}},"loc":{"start":{"line":509,"column":35},"end":{"line":509,"column":56}},"line":509},"17":{"name":"(anonymous_17)","decl":{"start":{"line":535,"column":2},"end":{"line":535,"column":3}},"loc":{"start":{"line":535,"column":25},"end":{"line":585,"column":3}},"line":535},"18":{"name":"(anonymous_18)","decl":{"start":{"line":544,"column":42},"end":{"line":544,"column":43}},"loc":{"start":{"line":544,"column":50},"end":{"line":544,"column":72}},"line":544},"19":{"name":"(anonymous_19)","decl":{"start":{"line":548,"column":24},"end":{"line":548,"column":25}},"loc":{"start":{"line":548,"column":44},"end":{"line":574,"column":9}},"line":548},"20":{"name":"(anonymous_20)","decl":{"start":{"line":578,"column":56},"end":{"line":578,"column":57}},"loc":{"start":{"line":578,"column":66},"end":{"line":578,"column":87}},"line":578},"21":{"name":"(anonymous_21)","decl":{"start":{"line":593,"column":2},"end":{"line":593,"column":3}},"loc":{"start":{"line":593,"column":48},"end":{"line":753,"column":3}},"line":593},"22":{"name":"(anonymous_22)","decl":{"start":{"line":701,"column":64},"end":{"line":701,"column":65}},"loc":{"start":{"line":701,"column":80},"end":{"line":703,"column":11}},"line":701},"23":{"name":"(anonymous_23)","decl":{"start":{"line":759,"column":2},"end":{"line":759,"column":3}},"loc":{"start":{"line":759,"column":38},"end":{"line":799,"column":3}},"line":759},"24":{"name":"(anonymous_24)","decl":{"start":{"line":804,"column":2},"end":{"line":804,"column":3}},"loc":{"start":{"line":804,"column":23},"end":{"line":854,"column":3}},"line":804},"25":{"name":"(anonymous_25)","decl":{"start":{"line":860,"column":2},"end":{"line":860,"column":3}},"loc":{"start":{"line":860,"column":39},"end":{"line":896,"column":3}},"line":860},"26":{"name":"(anonymous_26)","decl":{"start":{"line":903,"column":2},"end":{"line":903,"column":3}},"loc":{"start":{"line":903,"column":54},"end":{"line":1085,"column":3}},"line":903},"27":{"name":"(anonymous_27)","decl":{"start":{"line":980,"column":10},"end":{"line":980,"column":11}},"loc":{"start":{"line":980,"column":23},"end":{"line":981,"column":61}},"line":980},"28":{"name":"(anonymous_28)","decl":{"start":{"line":1090,"column":2},"end":{"line":1090,"column":3}},"loc":{"start":{"line":1090,"column":22},"end":{"line":1099,"column":3}},"line":1090},"29":{"name":"(anonymous_29)","decl":{"start":{"line":1104,"column":2},"end":{"line":1104,"column":3}},"loc":{"start":{"line":1104,"column":19},"end":{"line":1109,"column":3}},"line":1104},"30":{"name":"(anonymous_30)","decl":{"start":{"line":1114,"column":2},"end":{"line":1114,"column":3}},"loc":{"start":{"line":1114,"column":33},"end":{"line":1147,"column":3}},"line":1114},"31":{"name":"(anonymous_31)","decl":{"start":{"line":1153,"column":2},"end":{"line":1153,"column":3}},"loc":{"start":{"line":1153,"column":39},"end":{"line":1190,"column":3}},"line":1153},"32":{"name":"(anonymous_32)","decl":{"start":{"line":1196,"column":2},"end":{"line":1196,"column":3}},"loc":{"start":{"line":1196,"column":28},"end":{"line":1267,"column":3}},"line":1196},"33":{"name":"(anonymous_33)","decl":{"start":{"line":1248,"column":34},"end":{"line":1248,"column":35}},"loc":{"start":{"line":1248,"column":44},"end":{"line":1248,"column":65}},"line":1248},"34":{"name":"(anonymous_34)","decl":{"start":{"line":1254,"column":59},"end":{"line":1254,"column":60}},"loc":{"start":{"line":1254,"column":76},"end":{"line":1254,"column":93}},"line":1254},"35":{"name":"(anonymous_35)","decl":{"start":{"line":1273,"column":2},"end":{"line":1273,"column":3}},"loc":{"start":{"line":1273,"column":37},"end":{"line":1324,"column":3}},"line":1273},"36":{"name":"(anonymous_36)","decl":{"start":{"line":1329,"column":2},"end":{"line":1329,"column":3}},"loc":{"start":{"line":1329,"column":29},"end":{"line":1361,"column":3}},"line":1329},"37":{"name":"(anonymous_37)","decl":{"start":{"line":1341,"column":57},"end":{"line":1341,"column":58}},"loc":{"start":{"line":1341,"column":72},"end":{"line":1341,"column":82}},"line":1341},"38":{"name":"(anonymous_38)","decl":{"start":{"line":1368,"column":2},"end":{"line":1368,"column":3}},"loc":{"start":{"line":1368,"column":20},"end":{"line":1376,"column":3}},"line":1368},"39":{"name":"(anonymous_39)","decl":{"start":{"line":1383,"column":2},"end":{"line":1383,"column":3}},"loc":{"start":{"line":1383,"column":53},"end":{"line":1389,"column":3}},"line":1383}},"branchMap":{"0":{"loc":{"start":{"line":114,"column":6},"end":{"line":116,"column":7}},"type":"if","locations":[{"start":{"line":114,"column":6},"end":{"line":116,"column":7}},{"start":{},"end":{}}],"line":114},"1":{"loc":{"start":{"line":133,"column":6},"end":{"line":136,"column":7}},"type":"if","locations":[{"start":{"line":133,"column":6},"end":{"line":136,"column":7}},{"start":{},"end":{}}],"line":133},"2":{"loc":{"start":{"line":152,"column":6},"end":{"line":155,"column":7}},"type":"if","locations":[{"start":{"line":152,"column":6},"end":{"line":155,"column":7}},{"start":{},"end":{}}],"line":152},"3":{"loc":{"start":{"line":171,"column":6},"end":{"line":174,"column":7}},"type":"if","locations":[{"start":{"line":171,"column":6},"end":{"line":174,"column":7}},{"start":{},"end":{}}],"line":171},"4":{"loc":{"start":{"line":189,"column":6},"end":{"line":194,"column":7}},"type":"if","locations":[{"start":{"line":189,"column":6},"end":{"line":194,"column":7}},{"start":{"line":191,"column":13},"end":{"line":194,"column":7}}],"line":189},"5":{"loc":{"start":{"line":206,"column":6},"end":{"line":211,"column":7}},"type":"if","locations":[{"start":{"line":206,"column":6},"end":{"line":211,"column":7}},{"start":{"line":208,"column":13},"end":{"line":211,"column":7}}],"line":206},"6":{"loc":{"start":{"line":242,"column":6},"end":{"line":244,"column":7}},"type":"if","locations":[{"start":{"line":242,"column":6},"end":{"line":244,"column":7}},{"start":{},"end":{}}],"line":242},"7":{"loc":{"start":{"line":267,"column":6},"end":{"line":269,"column":7}},"type":"if","locations":[{"start":{"line":267,"column":6},"end":{"line":269,"column":7}},{"start":{},"end":{}}],"line":267},"8":{"loc":{"start":{"line":284,"column":6},"end":{"line":287,"column":7}},"type":"if","locations":[{"start":{"line":284,"column":6},"end":{"line":287,"column":7}},{"start":{},"end":{}}],"line":284},"9":{"loc":{"start":{"line":284,"column":10},"end":{"line":284,"column":102}},"type":"binary-expr","locations":[{"start":{"line":284,"column":10},"end":{"line":284,"column":36}},{"start":{"line":284,"column":40},"end":{"line":284,"column":102}}],"line":284},"10":{"loc":{"start":{"line":309,"column":4},"end":{"line":332,"column":5}},"type":"switch","locations":[{"start":{"line":310,"column":6},"end":{"line":314,"column":14}},{"start":{"line":316,"column":6},"end":{"line":320,"column":14}},{"start":{"line":322,"column":6},"end":{"line":326,"column":14}},{"start":{"line":328,"column":6},"end":{"line":331,"column":38}}],"line":309},"11":{"loc":{"start":{"line":344,"column":6},"end":{"line":346,"column":7}},"type":"if","locations":[{"start":{"line":344,"column":6},"end":{"line":346,"column":7}},{"start":{},"end":{}}],"line":344},"12":{"loc":{"start":{"line":344,"column":10},"end":{"line":344,"column":102}},"type":"binary-expr","locations":[{"start":{"line":344,"column":10},"end":{"line":344,"column":36}},{"start":{"line":344,"column":40},"end":{"line":344,"column":102}}],"line":344},"13":{"loc":{"start":{"line":350,"column":6},"end":{"line":354,"column":7}},"type":"if","locations":[{"start":{"line":350,"column":6},"end":{"line":354,"column":7}},{"start":{},"end":{}}],"line":350},"14":{"loc":{"start":{"line":360,"column":6},"end":{"line":424,"column":7}},"type":"if","locations":[{"start":{"line":360,"column":6},"end":{"line":424,"column":7}},{"start":{},"end":{}}],"line":360},"15":{"loc":{"start":{"line":365,"column":8},"end":{"line":371,"column":9}},"type":"if","locations":[{"start":{"line":365,"column":8},"end":{"line":371,"column":9}},{"start":{"line":367,"column":15},"end":{"line":371,"column":9}}],"line":365},"16":{"loc":{"start":{"line":367,"column":15},"end":{"line":371,"column":9}},"type":"if","locations":[{"start":{"line":367,"column":15},"end":{"line":371,"column":9}},{"start":{"line":369,"column":15},"end":{"line":371,"column":9}}],"line":367},"17":{"loc":{"start":{"line":369,"column":15},"end":{"line":371,"column":9}},"type":"if","locations":[{"start":{"line":369,"column":15},"end":{"line":371,"column":9}},{"start":{},"end":{}}],"line":369},"18":{"loc":{"start":{"line":387,"column":8},"end":{"line":416,"column":9}},"type":"if","locations":[{"start":{"line":387,"column":8},"end":{"line":416,"column":9}},{"start":{"line":406,"column":15},"end":{"line":416,"column":9}}],"line":387},"19":{"loc":{"start":{"line":446,"column":26},"end":{"line":446,"column":43}},"type":"default-arg","locations":[{"start":{"line":446,"column":39},"end":{"line":446,"column":43}}],"line":446},"20":{"loc":{"start":{"line":451,"column":6},"end":{"line":453,"column":7}},"type":"if","locations":[{"start":{"line":451,"column":6},"end":{"line":453,"column":7}},{"start":{},"end":{}}],"line":451},"21":{"loc":{"start":{"line":455,"column":6},"end":{"line":467,"column":7}},"type":"if","locations":[{"start":{"line":455,"column":6},"end":{"line":467,"column":7}},{"start":{"line":458,"column":13},"end":{"line":467,"column":7}}],"line":455},"22":{"loc":{"start":{"line":494,"column":6},"end":{"line":504,"column":7}},"type":"if","locations":[{"start":{"line":494,"column":6},"end":{"line":504,"column":7}},{"start":{"line":496,"column":13},"end":{"line":504,"column":7}}],"line":494},"23":{"loc":{"start":{"line":496,"column":13},"end":{"line":504,"column":7}},"type":"if","locations":[{"start":{"line":496,"column":13},"end":{"line":504,"column":7}},{"start":{"line":498,"column":13},"end":{"line":504,"column":7}}],"line":496},"24":{"loc":{"start":{"line":498,"column":13},"end":{"line":504,"column":7}},"type":"if","locations":[{"start":{"line":498,"column":13},"end":{"line":504,"column":7}},{"start":{"line":500,"column":13},"end":{"line":504,"column":7}}],"line":498},"25":{"loc":{"start":{"line":500,"column":13},"end":{"line":504,"column":7}},"type":"if","locations":[{"start":{"line":500,"column":13},"end":{"line":504,"column":7}},{"start":{"line":502,"column":13},"end":{"line":504,"column":7}}],"line":500},"26":{"loc":{"start":{"line":502,"column":13},"end":{"line":504,"column":7}},"type":"if","locations":[{"start":{"line":502,"column":13},"end":{"line":504,"column":7}},{"start":{},"end":{}}],"line":502},"27":{"loc":{"start":{"line":507,"column":6},"end":{"line":523,"column":7}},"type":"if","locations":[{"start":{"line":507,"column":6},"end":{"line":523,"column":7}},{"start":{},"end":{}}],"line":507},"28":{"loc":{"start":{"line":554,"column":12},"en
[...]
cl":{"start":{"line":784,"column":37},"end":{"line":784,"column":38}},"loc":{"start":{"line":785,"column":8},"end":{"line":791,"column":16}},"line":785},"26":{"name":"(anonymous_26)","decl":{"start":{"line":818,"column":2},"end":{"line":818,"column":3}},"loc":{"start":{"line":818,"column":43},"end":{"line":910,"column":3}},"line":818},"27":{"name":"(anonymous_27)","decl":{"start":{"line":827,"column":30},"end":{"line":827,"column":31}},"loc":{"start":{"line":827,"column":37},"end":{"line":827,"column":52}},"line":827},"28":{"name":"(anonymous_28)","decl":{"start":{"line":881,"column":8},"end":{"line":881,"column":9}},"loc":{"start":{"line":881,"column":15},"end":{"line":881,"column":46}},"line":881},"29":{"name":"(anonymous_29)","decl":{"start":{"line":913,"column":2},"end":{"line":913,"column":3}},"loc":{"start":{"line":913,"column":37},"end":{"line":929,"column":3}},"line":913}},"branchMap":{"0":{"loc":{"start":{"line":41,"column":4},"end":{"line":43,"column":5}},"type":"if","locations":[{"start":{"line":41,"column":4},"end":{"line":43,"column":5}},{"start":{},"end":{}}],"line":41},"1":{"loc":{"start":{"line":72,"column":6},"end":{"line":77,"column":7}},"type":"if","locations":[{"start":{"line":72,"column":6},"end":{"line":77,"column":7}},{"start":{},"end":{}}],"line":72},"2":{"loc":{"start":{"line":88,"column":4},"end":{"line":90,"column":5}},"type":"if","locations":[{"start":{"line":88,"column":4},"end":{"line":90,"column":5}},{"start":{},"end":{}}],"line":88},"3":{"loc":{"start":{"line":102,"column":4},"end":{"line":106,"column":5}},"type":"if","locations":[{"start":{"line":102,"column":4},"end":{"line":106,"column":5}},{"start":{"line":104,"column":11},"end":{"line":106,"column":5}}],"line":102},"4":{"loc":{"start":{"line":103,"column":13},"end":{"line":103,"column":63}},"type":"binary-expr","locations":[{"start":{"line":103,"column":13},"end":{"line":103,"column":37}},{"start":{"line":103,"column":41},"end":{"line":103,"column":63}}],"line":103},"5":{"loc":{"start":{"line":105,"column":13},"end":{"line":105,"column":63}},"type":"binary-expr","locations":[{"start":{"line":105,"column":13},"end":{"line":105,"column":37}},{"start":{"line":105,"column":41},"end":{"line":105,"column":63}}],"line":105},"6":{"loc":{"start":{"line":112,"column":4},"end":{"line":114,"column":5}},"type":"if","locations":[{"start":{"line":112,"column":4},"end":{"line":114,"column":5}},{"start":{},"end":{}}],"line":112},"7":{"loc":{"start":{"line":117,"column":4},"end":{"line":127,"column":5}},"type":"switch","locations":[{"start":{"line":118,"column":6},"end":{"line":119,"column":20}},{"start":{"line":120,"column":6},"end":{"line":121,"column":63}},{"start":{"line":122,"column":6},"end":{"line":123,"column":61}},{"start":{"line":124,"column":6},"end":{"line":124,"column":21}},{"start":{"line":125,"column":6},"end":{"line":126,"column":20}}],"line":117},"8":{"loc":{"start":{"line":121,"column":15},"end":{"line":121,"column":62}},"type":"cond-expr","locations":[{"start":{"line":121,"column":39},"end":{"line":121,"column":51}},{"start":{"line":121,"column":54},"end":{"line":121,"column":62}}],"line":121},"9":{"loc":{"start":{"line":123,"column":15},"end":{"line":123,"column":60}},"type":"cond-expr","locations":[{"start":{"line":123,"column":39},"end":{"line":123,"column":50}},{"start":{"line":123,"column":53},"end":{"line":123,"column":60}}],"line":123},"10":{"loc":{"start":{"line":132,"column":4},"end":{"line":135,"column":5}},"type":"if","locations":[{"start":{"line":132,"column":4},"end":{"line":135,"column":5}},{"start":{},"end":{}}],"line":132},"11":{"loc":{"start":{"line":142,"column":6},"end":{"line":145,"column":7}},"type":"if","locations":[{"start":{"line":142,"column":6},"end":{"line":145,"column":7}},{"start":{},"end":{}}],"line":142},"12":{"loc":{"start":{"line":148,"column":6},"end":{"line":167,"column":7}},"type":"if","locations":[{"start":{"line":148,"column":6},"end":{"line":167,"column":7}},{"start":{},"end":{}}],"line":148},"13":{"loc":{"start":{"line":185,"column":4},"end":{"line":188,"column":5}},"type":"if","locations":[{"start":{"line":185,"column":4},"end":{"line":188,"column":5}},{"start":{},"end":{}}],"line":185},"14":{"loc":{"start":{"line":191,"column":4},"end":{"line":196,"column":5}},"type":"if","locations":[{"start":{"line":191,"column":4},"end":{"line":196,"column":5}},{"start":{},"end":{}}],"line":191},"15":{"loc":{"start":{"line":211,"column":6},"end":{"line":214,"column":7}},"type":"if","locations":[{"start":{"line":211,"column":6},"end":{"line":214,"column":7}},{"start":{},"end":{}}],"line":211},"16":{"loc":{"start":{"line":217,"column":6},"end":{"line":222,"column":7}},"type":"if","locations":[{"start":{"line":217,"column":6},"end":{"line":222,"column":7}},{"start":{},"end":{}}],"line":217},"17":{"loc":{"start":{"line":227,"column":6},"end":{"line":320,"column":7}},"type":"if","locations":[{"start":{"line":227,"column":6},"end":{"line":320,"column":7}},{"start":{"line":316,"column":13},"end":{"line":320,"column":7}}],"line":227},"18":{"loc":{"start":{"line":227,"column":10},"end":{"line":227,"column":56}},"type":"binary-expr","locations":[{"start":{"line":227,"column":10},"end":{"line":227,"column":35}},{"start":{"line":227,"column":39},"end":{"line":227,"column":56}}],"line":227},"19":{"loc":{"start":{"line":232,"column":32},"end":{"line":232,"column":55}},"type":"binary-expr","locations":[{"start":{"line":232,"column":32},"end":{"line":232,"column":49}},{"start":{"line":232,"column":53},"end":{"line":232,"column":55}}],"line":232},"20":{"loc":{"start":{"line":240,"column":8},"end":{"line":315,"column":9}},"type":"if","locations":[{"start":{"line":240,"column":8},"end":{"line":315,"column":9}},{"start":{"line":311,"column":15},"end":{"line":315,"column":9}}],"line":240},"21":{"loc":{"start":{"line":270,"column":20},"end":{"line":270,"column":65}},"type":"cond-expr","locations":[{"start":{"line":270,"column":44},"end":{"line":270,"column":53}},{"start":{"line":270,"column":56},"end":{"line":270,"column":65}}],"line":270},"22":{"loc":{"start":{"line":288,"column":12},"end":{"line":296,"column":13}},"type":"if","locations":[{"start":{"line":288,"column":12},"end":{"line":296,"column":13}},{"start":{"line":292,"column":19},"end":{"line":296,"column":13}}],"line":288},"23":{"loc":{"start":{"line":323,"column":6},"end":{"line":395,"column":7}},"type":"if","locations":[{"start":{"line":323,"column":6},"end":{"line":395,"column":7}},{"start":{"line":391,"column":13},"end":{"line":395,"column":7}}],"line":323},"24":{"loc":{"start":{"line":351,"column":18},"end":{"line":351,"column":63}},"type":"cond-expr","locations":[{"start":{"line":351,"column":42},"end":{"line":351,"column":51}},{"start":{"line":351,"column":54},"end":{"line":351,"column":63}}],"line":351},"25":{"loc":{"start":{"line":368,"column":10},"end":{"line":376,"column":11}},"type":"if","locations":[{"start":{"line":368,"column":10},"end":{"line":376,"column":11}},{"start":{"line":372,"column":17},"end":{"line":376,"column":11}}],"line":368},"26":{"loc":{"start":{"line":397,"column":13},"end":{"line":397,"column":64}},"type":"cond-expr","locations":[{"start":{"line":397,"column":42},"end":{"line":397,"column":57}},{"start":{"line":397,"column":60},"end":{"line":397,"column":64}}],"line":397},"27":{"loc":{"start":{"line":411,"column":6},"end":{"line":417,"column":7}},"type":"if","locations":[{"start":{"line":411,"column":6},"end":{"line":417,"column":7}},{"start":{},"end":{}}],"line":411},"28":{"loc":{"start":{"line":423,"column":6},"end":{"line":429,"column":7}},"type":"if","locations":[{"start":{"line":423,"column":6},"end":{"line":429,"column":7}},{"start":{},"end":{}}],"line":423},"29":{"loc":{"start":{"line":433,"column":6},"end":{"line":439,"column":7}},"type":"if","locations":[{"start":{"line":433,"column":6},"end":{"line":439,"column":7}},{"start":{},"end":{}}],"line":433},"30":{"loc":{"start":{"line":452,"column":6},"end":{"line":475,"column":7}},"type":"if","locations":[{"start":{"line":452,"column":6},"end":{"line":475,"column":7}},{"start":{},"end":{}}],"line":452},"31":{"loc":{"start":{"line":456,"column":10},"end":{"line":470,"column":11}},"type":"if","locations":[{"start":{"line":456,"column":10},"end":{"line":470,"column":11}},{"start":{"line":460,"column":17},"end":{"line":470,"column":11}}],"line":456},"32":{"loc":{"start":{"line":460,"column":17},"end":{"line":470,"column":11}},"type":"if","locations":[{"start":{"line":460,"column":17},"end":{"line":470,"column":11}},{"start":{"line":465,"column":17},"end":{"line":470,"column":11}}],"line":460},"33":{"loc":{"start":{"line":477,"column":6},"end":{"line":477,"column":27}},"type":"if","locations":[{"start":{"line":477,"column":6},"end":{"line":477,"column":27}},{"start":{},"end":{}}],"line":477},"34":{"loc":{"start":{"line":523,"column":6},"end":{"line":549,"column":7}},"type":"if","locations":[{"start":{"line":523,"column":6},"end":{"line":549,"column":7}},{"start":{},"end":{}}],"line":523},"35":{"loc":{"start":{"line":527,"column":10},"end":{"line":541,"column":11}},"type":"if","locations":[{"start":{"line":527,"column":10},"end":{"line":541,"column":11}},{"start":{"line":531,"column":17},"end":{"line":541,"column":11}}],"line":527},"36":{"loc":{"start":{"line":531,"column":17},"end":{"line":541,"column":11}},"type":"if","locations":[{"start":{"line":531,"column":17},"end":{"line":541,"column":11}},{"start":{"line":536,"column":17},"end":{"line":541,"column":11}}],"line":531},"37":{"loc":{"start":{"line":551,"column":6},"end":{"line":551,"column":27}},"type":"if","locations":[{"start":{"line":551,"column":6},"end":{"line":551,"column":27}},{"start":{},"end":{}}],"line":551},"38":{"loc":{"start":{"line":591,"column":47},"end":{"line":591,"column":56}},"type":"default-arg","locations":[{"start":{"line":591,"column":54},"end":{"line":591,"column":56}}],"line":591},"39":{"loc":{"start":{"line":613,"column":22},"end":{"line":613,"column":64}},"type":"cond-expr","locations":[{"start":{"line":613,"column":36},"end":{"line":613,"column":59}},{"start":{"line":613,"column":62},"end":{"line":613,"column":64}}],"line":613},"40":{"loc":{"start":{"line":629,"column":22},"end":{"line":629,"column":64}},"type":"cond-expr","locations":[{"start":{"line":629,"column":36},"end":{"line":629,"column":59}},{"start":{"line":629,"column":62},"end":{"line":629,"column":64}}],"line":629},"41":{"loc":{"start":{"line":641,"column":22},"end":{"line":641,"column":64}},"type":"cond-expr","locations":[{"start":{"line":641,"column":36},"end":{"line":641,"column":59}},{"start":{"line":641,"column":62},"end":{"line":641,"column":64}}],"line":641},"42":{"loc":{"start":{"line":643,"column":6},"end":{"line":646,"column":7}},"type":"if","locations":[{"start":{"line":643,"column":6},"end":{"line":646,"column":7}},{"start":{},"end":{}}],"line":643},"43":{"loc":{"start":{"line":655,"column":4},"end":{"line":658,"column":5}},"type":"if","locations":[{"start":{"line":655,"column":4},"end":{"line":658,"column":5}},{"start":{},"end":{}}],"line":655},"44":{"loc":{"start":{"line":663,"column":6},"end":{"line":665,"column":7}},"type":"if","locations":[{"start":{"line":663,"column":6},"end":{"line":665,"column":7}},{"start":{},"end":{}}],"line":663},"45":{"loc":{"start":{"line":686,"column":4},"end":{"line":689,"column":5}},"type":"if","locations":[{"start":{"line":686,"column":4},"end":{"line":689,"column":5}},{"start":{},"end":{}}],"line":686},"46":{"loc":{"start":{"line":712,"column":4},"end":{"line":714,"column":5}},"type":"if","locations":[{"start":{"line":712,"column":4},"end":{"line":714,"column":5}},{"start":{},"end":{}}],"line":712},"47":{"loc":{"start":{"line":722,"column":4},"end":{"line":727,"column":5}},"type":"if","locations":[{"start":{"line":722,"column":4},"end":{"line":727,"column":5}},{"start":{},"end":{}}],"line":722},"48":{"loc":{"start":{"line":735,"column":4},"end":{"line":771,"column":5}},"type":"if","locations":[{"start":{"line":735,"column":4},"end":{"line":771,"column":5}},{"start":{"line":747,"column":11},"end":{"line":771,"column":5}}],"line":735},"49":{"loc":{"start":{"line":736,"column":6},"end":{"line":737,"column":46}},"type":"binary-expr","locations":[{"start":{"line":736,"column":6},"end":{"line":736,"column":46}},{"start":{"line":737,"column":6},"end":{"line":737,"column":46}}],"line":736},"50":{"loc":{"start":{"line":747,"column":11},"end":{"line":771,"column":5}},"type":"if","locations":[{"start":{"line":747,"column":11},"end":{"line":771,"column":5}},{"start":{"line":759,"column":11},"end":{"line":771,"column":5}}],"line":747},"51":{"loc":{"start":{"line":748,"column":6},"end":{"line":749,"column":46}},"type":"binary-expr","locations":[{"start":{"line":748,"column":6},"end":{"line":748,"column":44}},{"start":{"line":749,"column":6},"end":{"line":749,"column":46}}],"line":748},"52":{"loc":{"start":{"line":759,"column":11},"end":{"line":771,"column":5}},"type":"if","locations":[{"start":{"line":759,"column":11},"end":{"line":771,"column":5}},{"start":{},"end":{}}],"line":759},"53":{"loc":{"start":{"line":764,"column":6},"end":{"line":770,"column":7}},"type":"if","locations":[{"start":{"line":764,"column":6},"end":{"line":770,"column":7}},{"start":{},"end":{}}],"line":764},"54":{"loc":{"start":{"line":779,"column":6},"end":{"line":779,"column":29}},"type":"if","locations":[{"start":{"line":779,"column":6},"end":{"line":779,"column":29}},{"start":{},"end":{}}],"line":779},"55":{"loc":{"start":{"line":785,"column":8},"end":{"line":791,"column":16}},"type":"cond-expr","locations":[{"start":{"line":786,"column":12},"end":{"line":790,"column":13}},{"start":{"line":791,"column":12},"end":{"line":791,"column":16}}],"line":785},"56":{"loc":{"start":{"line":822,"column":6},"end":{"line":822,"column":29}},"type":"if","locations":[{"start":{"line":822,"column":6},"end":{"line":822,"column":29}},{"start":{},"end":{}}],"line":822},"57":{"loc":{"start":{"line":828,"column":6},"end":{"line":828,"column":24}},"type":"if","locations":[{"start":{"line":828,"column":6},"end":{"line":828,"column":24}},{"start":{},"end":{}}],"line":828},"58":{"loc":{"start":{"line":867,"column":30},"end":{"line":867,"column":75}},"type":"cond-expr","locations":[{"start":{"line":867,"column":54},"end":{"line":867,"column":63}},{"start":{"line":867,"column":66},"end":{"line":867,"column":75}}],"line":867},"59":{"loc":{"start":{"line":884,"column":6},"end":{"line":892,"column":7}},"type":"if","locations":[{"start":{"line":884,"column":6},"end":{"line":892,"column":7}},{"start":{"line":888,"column":13},"end":{"line":892,"column":7}}],"line":884}},"s":{"0":1,"1":1,"2":0,"3":1,"4":1,"5":1,"6":1,"7":1,"8":0,"9":0,"10":1,"11":1,"12":1,"13":1,"14":1,"15":1,"16":1,"17":1,"18":1,"19":0,"20":0,"21":1,"22":2,"23":2,"24":0,"25":0,"26":0,"27":0,"28":0,"29":0,"30":0,"31":0,"32":0,"33":1,"34":0,"35":1,"36":0,"37":0,"38":0,"39":1,"40":1,"41":0,"42":0,"43":1,"44":1,"45":1,"46":1,"47":0,"48":0,"49":1,"50":1,"51":1,"52":0,"53":0,"54":1,"55":1,"56":0,"57":0,"58":0,"59":0,"60":0,"61":0,"62":0,"63":0,"64":0,"65":0,"66":0,"67":0,"68":0,"69":0,"70":0,"71":0,"72":0,"73":0,"74":0,"75":0,"76":0,"77":0,"78":0,"79":0,"80":0,"81":0,"82":0,"83":0,"84":0,"85":0,"86":0,"87":0,"88":0,"89":0,"90":0,"91":0,"92":0,"93":0,"94":0,"95":0,"96":0,"97":0,"98":0,"99":0,"100":0,"101":0,"102":0,"103":0,"104":0,"105":0,"106":0,"107":0,"108":0,"109":0,"110":0,"111":0,"112":0,"113":0,"114":0,"115":0,"116":0,"117":0,"118":0,"119":0,"120":0,"121":0,"122":0,"123":0,"124":0,"125":0,"126":0,"127":0,"128":0,"129":0,"130":0,"131":0,"132":0,"133":0,"134":0,"135":0,"136":0,"137":0,"138":0,"139":0,"140":0,"141":0,"142":0,"143":0,"144":0,"145":0,"146":0,"147":0,"148":0,"149":0,"150":0,"151":0,"152":0,"153":0,"154":0,"155":0,"156":0,"157":0,"158":0,"159":0,"160":0,"161":0,"162":0,"163":0,"164":0,"165":0,"166":0,"167":0,"168":0,"169":0,"170":0,"171":0,"172":0,"173":0,"174":0,"175":0,"176":0,"177":1,"178":1,"179":1,"180":0,"181":0,"182":0,"183":0,"184":0,"185":0,"186":0,"187":0,"188":0,"189":0,"190":0,"191":0,"192":0,"193":0,"194":0,"195":0,"196":0,"197":0,"198":0,"199":1,"200":0,"201":0,"202":1,"203":1,"204":1,"205":1,"206":1,"207":1,"208":1,"209":0,"210":0,"211":1,"212":0,"213":0,"214":1,"215":1,"216":0,"217":1,"218":0,"219":1,"220":1,"221":1,"222":1,"223":0,"224":0,"225":0,"226":0,"227":0,"228":0,"229":0,"230":0,"231":0,"232":0,"233":0,"234":0,"235":0,"236":0,"237":0,"238":0,"239":0,"240":0,"241":0,"242":0,"243":0,"244":0,"245":0,"246":0,"247":0,"248":0,"249":0,"250":0,"251":0,"252":0,"253":0,"254":0,"255":0,"256":0,"257":0,"258":0,"259":0,"260":0,"261":0,"262":0,"263":0,"264":0,"265":0,"266":0,"267":0,"268":0,"269":0,"270":0,"271":0,"272":0,"273":0,"274":0,"275":0,"276":0,"277":0,"278":0,"279":0,"280":0,"281":0,"282":0,"283":0,"284":0},"f":{"0":0,"1":1,"2":0,"3":1,"4":1,"5":2,"6":1,"7":1,"8":1,"9":0,"10":0,"11":0,"12":0,"13":0,"14":0,"15":1,"16":0,"17":0,"18":0,"19":1,"20":1,"21":0,"22":1,"23":0,"24":0,"25":0,"26":0,"27":0,"28":0,"29":0},"b":{"0":[0,1],"1":[1,0],"2":[2,0],"3":[0,0],"4":[0,0],"5":[0,0],"6":[0,1],"7":[0,0,0,1,1],"8":[0,0],"9":[0,0],"10":[0,1],"11":[0,1],"12":[1,0],"13":[0,0],"14":[0,0],"15":[0,0],"16":[0,0],"17":[0,0],"18":[0,0],"19":[0,0],"20":[0,0],"21":[0,0],"22":[0,0],"23":[0,0],"24":[0,0],"25":[0,0],"26":[0,0],"27":[0,0],"28":[0,0],"29":[0,0],"30":[0,0],"31":[0,0],"32":[0,0],"33":[0,0],"34":[0,0],"35":[0,0],"36":[0,0],"37":[0,0],"38":[0],"39":[0,0],"40":[0,0],"41":[0,0],"42":[0,0],"43":[0,1],"44":[1,0],"45":[0,1],"46":[1,0],"47":[0,0],"48":[0,0],"49":[0,0],"50":[0,0],"51":[0,0],"52":[0,0],"53":[0,0],"54":[0,0],"55":[0,0],"56":[0,0],"57":[0,0],"58":[0,0],"59":[0,0]},"_coverageSchema":"1a1c01bbd47fc00a2c39e90264f33305004495a9","hash":"d3d80287197619c055623fb30c89f63edb5dbadc"}
,"/Users/heyonggang/Projects/kukai/src/utils/defaultSettings.js": {"path":"/Users/heyonggang/Projects/kukai/src/utils/defaultSettings.js","statementMap":{"0":{"start":{"line":10,"column":24},"end":{"line":48,"column":1}},"1":{"start":{"line":51,"column":39},"end":{"line":85,"column":1}},"2":{"start":{"line":52,"column":2},"end":{"line":84,"column":3}},"3":{"start":{"line":53,"column":27},"end":{"line":53,"column":71}},"4":{"start":{"line":55,"column":4},"end":{"line":79,"column":5}},"5":{"start":{"line":60,"column":6},"end":{"line":70,"column":7}},"6":{"start":{"line":61,"column":8},"end":{"line":66,"column":9}},"7":{"start":{"line":62,"column":10},"end":{"line":62,"column":54}},"8":{"start":{"line":64,"column":10},"end":{"line":64,"column":63}},"9":{"start":{"line":65,"column":10},"end":{"line":65,"column":33}},"10":{"start":{"line":69,"column":8},"end":{"line":69,"column":40}},"11":{"start":{"line":73,"column":6},"end":{"line":73,"column":55}},"12":{"start":{"line":76,"column":6},"end":{"line":76,"column":55}},"13":{"start":{"line":77,"column":6},"end":{"line":77,"column":68}},"14":{"start":{"line":78,"column":6},"end":{"line":78,"column":29}},"15":{"start":{"line":81,"column":4},"end":{"line":81,"column":52}},"16":{"start":{"line":83,"column":4},"end":{"line":83,"column":27}}},"fnMap":{"0":{"name":"(anonymous_0)","decl":{"start":{"line":51,"column":39},"end":{"line":51,"column":40}},"loc":{"start":{"line":51,"column":51},"end":{"line":85,"column":1}},"line":51}},"branchMap":{"0":{"loc":{"start":{"line":55,"column":4},"end":{"line":79,"column":5}},"type":"if","locations":[{"start":{"line":55,"column":4},"end":{"line":79,"column":5}},{"start":{"line":74,"column":11},"end":{"line":79,"column":5}}],"line":55},"1":{"loc":{"start":{"line":60,"column":6},"end":{"line":70,"column":7}},"type":"if","locations":[{"start":{"line":60,"column":6},"end":{"line":70,"column":7}},{"start":{"line":67,"column":13},"end":{"line":70,"column":7}}],"line":60}},"s":{"0":1,"1":1,"2":3,"3":3,"4":2,"5":1,"6":1,"7":1,"8":0,"9":0,"10":0,"11":1,"12":1,"13":1,"14":1,"15":1,"16":1},"f":{"0":3},"b":{"0":[1,1],"1":[1,0]},"_coverageSchema":"1a1c01bbd47fc00a2c39e90264f33305004495a9","hash":"34aebc76e8d218cb20883decef864814c0d6e2f8"}
}
