TN:
SF:src/__tests__/services/DatabaseBackupService.mock.js
FN:2,(anonymous_0)
FN:6,(anonymous_1)
FN:7,(anonymous_2)
FN:8,(anonymous_3)
FN:9,(anonymous_4)
FN:10,(anonymous_5)
FN:11,(anonymous_6)
FN:12,(anonymous_7)
FN:13,(anonymous_8)
FN:14,(anonymous_9)
FN:18,(anonymous_10)
FN:20,(anonymous_11)
FN:21,(anonymous_12)
FN:25,(anonymous_13)
FN:27,(anonymous_14)
FN:36,(anonymous_15)
FN:44,(anonymous_16)
FN:46,(anonymous_17)
FN:54,(anonymous_18)
FN:67,(anonymous_19)
FN:70,(anonymous_20)
FN:75,(anonymous_21)
FN:78,(anonymous_22)
FN:86,(anonymous_23)
FN:89,(anonymous_24)
FN:108,(anonymous_25)
FN:109,(anonymous_26)
FN:110,(anonymous_27)
FN:111,(anonymous_28)
FN:112,(anonymous_29)
FN:117,(anonymous_30)
FN:119,(anonymous_31)
FN:121,(anonymous_32)
FN:148,(anonymous_33)
FN:149,(anonymous_34)
FN:150,(anonymous_35)
FN:170,(anonymous_36)
FN:192,(anonymous_37)
FN:193,(anonymous_38)
FN:194,(anonymous_39)
FN:195,(anonymous_40)
FN:196,(anonymous_41)
FN:203,(anonymous_42)
FN:204,(anonymous_43)
FN:205,(anonymous_44)
FN:206,(anonymous_45)
FN:207,(anonymous_46)
FN:208,(anonymous_47)
FN:209,(anonymous_48)
FN:218,(anonymous_49)
FN:223,(anonymous_50)
FN:228,(anonymous_51)
FN:234,(anonymous_52)
FN:235,(anonymous_53)
FN:236,(anonymous_54)
FNF:55
FNH:12
FNDA:1,(anonymous_0)
FNDA:0,(anonymous_1)
FNDA:0,(anonymous_2)
FNDA:0,(anonymous_3)
FNDA:0,(anonymous_4)
FNDA:0,(anonymous_5)
FNDA:0,(anonymous_6)
FNDA:0,(anonymous_7)
FNDA:0,(anonymous_8)
FNDA:0,(anonymous_9)
FNDA:1,(anonymous_10)
FNDA:0,(anonymous_11)
FNDA:0,(anonymous_12)
FNDA:1,(anonymous_13)
FNDA:0,(anonymous_14)
FNDA:1,(anonymous_15)
FNDA:1,(anonymous_16)
FNDA:0,(anonymous_17)
FNDA:1,(anonymous_18)
FNDA:1,(anonymous_19)
FNDA:0,(anonymous_20)
FNDA:1,(anonymous_21)
FNDA:0,(anonymous_22)
FNDA:1,(anonymous_23)
FNDA:0,(anonymous_24)
FNDA:0,(anonymous_25)
FNDA:0,(anonymous_26)
FNDA:0,(anonymous_27)
FNDA:0,(anonymous_28)
FNDA:0,(anonymous_29)
FNDA:1,(anonymous_30)
FNDA:0,(anonymous_31)
FNDA:0,(anonymous_32)
FNDA:0,(anonymous_33)
FNDA:0,(anonymous_34)
FNDA:0,(anonymous_35)
FNDA:1,(anonymous_36)
FNDA:0,(anonymous_37)
FNDA:0,(anonymous_38)
FNDA:0,(anonymous_39)
FNDA:0,(anonymous_40)
FNDA:0,(anonymous_41)
FNDA:0,(anonymous_42)
FNDA:0,(anonymous_43)
FNDA:0,(anonymous_44)
FNDA:0,(anonymous_45)
FNDA:0,(anonymous_46)
FNDA:0,(anonymous_47)
FNDA:0,(anonymous_48)
FNDA:0,(anonymous_49)
FNDA:0,(anonymous_50)
FNDA:0,(anonymous_51)
FNDA:0,(anonymous_52)
FNDA:0,(anonymous_53)
FNDA:1,(anonymous_54)
DA:2,1
DA:6,0
DA:7,0
DA:8,0
DA:9,0
DA:10,0
DA:11,0
DA:12,0
DA:13,0
DA:14,0
DA:18,1
DA:20,0
DA:21,0
DA:25,1
DA:27,0
DA:36,1
DA:44,1
DA:46,0
DA:54,1
DA:67,1
DA:70,0
DA:75,1
DA:78,0
DA:86,1
DA:90,0
DA:91,0
DA:98,0
DA:99,0
DA:106,0
DA:108,0
DA:109,0
DA:110,0
DA:111,0
DA:112,0
DA:117,1
DA:118,1
DA:120,0
DA:122,0
DA:124,0
DA:135,0
DA:137,0
DA:140,0
DA:141,0
DA:145,1
DA:148,0
DA:149,0
DA:151,0
DA:152,0
DA:162,0
DA:170,1
DA:171,1
DA:173,1
DA:192,0
DA:193,0
DA:194,0
DA:195,0
DA:196,0
DA:203,0
DA:204,0
DA:205,0
DA:206,0
DA:207,0
DA:208,0
DA:209,0
DA:218,0
DA:223,0
DA:228,0
DA:234,0
DA:235,0
DA:236,1
DA:247,1
LF:71
LH:17
BRDA:90,0,0,0
BRDA:90,0,1,0
BRDA:98,1,0,0
BRDA:98,1,1,0
BRDA:122,2,0,0
BRDA:122,2,1,0
BRDA:151,3,0,0
BRDA:151,3,1,0
BRF:8
BRH:0
end_of_record
TN:
SF:src/__tests__/services/DatabaseMigrationService.mock.js
FN:2,(anonymous_0)
FN:4,(anonymous_1)
FN:5,(anonymous_2)
FN:7,(anonymous_3)
FN:38,(anonymous_4)
FN:45,(anonymous_5)
FN:47,(anonymous_6)
FN:49,(anonymous_7)
FN:50,(anonymous_8)
FN:51,(anonymous_9)
FN:52,(anonymous_10)
FN:53,(anonymous_11)
FN:57,(anonymous_12)
FN:62,(anonymous_13)
FN:66,(anonymous_14)
FN:91,(anonymous_15)
FN:94,(anonymous_16)
FN:98,(anonymous_17)
FN:103,(anonymous_18)
FN:106,(anonymous_19)
FN:107,(anonymous_20)
FN:109,(anonymous_21)
FN:117,(anonymous_22)
FN:122,(anonymous_23)
FN:125,(anonymous_24)
FN:126,(anonymous_25)
FN:127,(anonymous_26)
FNF:27
FNH:13
FNDA:1,(anonymous_0)
FNDA:6,(anonymous_1)
FNDA:0,(anonymous_2)
FNDA:0,(anonymous_3)
FNDA:0,(anonymous_4)
FNDA:1,(anonymous_5)
FNDA:7,(anonymous_6)
FNDA:1,(anonymous_7)
FNDA:1,(anonymous_8)
FNDA:1,(anonymous_9)
FNDA:1,(anonymous_10)
FNDA:1,(anonymous_11)
FNDA:0,(anonymous_12)
FNDA:1,(anonymous_13)
FNDA:0,(anonymous_14)
FNDA:1,(anonymous_15)
FNDA:0,(anonymous_16)
FNDA:0,(anonymous_17)
FNDA:1,(anonymous_18)
FNDA:0,(anonymous_19)
FNDA:0,(anonymous_20)
FNDA:0,(anonymous_21)
FNDA:0,(anonymous_22)
FNDA:1,(anonymous_23)
FNDA:0,(anonymous_24)
FNDA:0,(anonymous_25)
FNDA:0,(anonymous_26)
DA:2,1
DA:4,6
DA:6,0
DA:8,0
DA:10,0
DA:11,0
DA:13,0
DA:14,0
DA:16,0
DA:17,0
DA:19,0
DA:31,0
DA:33,0
DA:36,0
DA:39,0
DA:45,1
DA:47,1
DA:48,7
DA:49,1
DA:50,1
DA:51,1
DA:52,1
DA:53,1
DA:57,0
DA:62,1
DA:66,0
DA:84,1
DA:91,1
DA:94,0
DA:98,0
DA:103,1
DA:106,0
DA:108,0
DA:110,0
DA:111,0
DA:114,0
DA:117,0
DA:122,1
DA:125,0
DA:126,0
DA:127,0
DA:131,1
LF:42
LH:16
BRDA:8,0,0,0
BRDA:8,0,1,0
BRDA:11,1,0,0
BRDA:11,1,1,0
BRDA:14,2,0,0
BRDA:14,2,1,0
BRDA:17,3,0,0
BRDA:17,3,1,0
BRF:8
BRH:0
end_of_record
TN:
SF:src/__tests__/services/NotificationService.mock.js
FN:2,(anonymous_0)
FN:4,(anonymous_1)
FN:5,(anonymous_2)
FN:6,(anonymous_3)
FN:7,(anonymous_4)
FN:8,(anonymous_5)
FN:9,(anonymous_6)
FN:11,(anonymous_7)
FN:12,(anonymous_8)
FN:23,(anonymous_9)
FN:36,(anonymous_10)
FN:38,(anonymous_11)
FNF:12
FNH:5
FNDA:1,(anonymous_0)
FNDA:1,(anonymous_1)
FNDA:0,(anonymous_2)
FNDA:0,(anonymous_3)
FNDA:0,(anonymous_4)
FNDA:0,(anonymous_5)
FNDA:0,(anonymous_6)
FNDA:1,(anonymous_7)
FNDA:0,(anonymous_8)
FNDA:1,(anonymous_9)
FNDA:1,(anonymous_10)
FNDA:0,(anonymous_11)
DA:2,1
DA:4,1
DA:5,0
DA:6,0
DA:7,0
DA:8,0
DA:9,0
DA:11,1
DA:12,0
DA:23,1
DA:36,1
DA:38,0
DA:42,1
LF:13
LH:6
BRF:0
BRH:0
end_of_record
TN:
SF:src/__tests__/utils/AnimationUtils.mock.js
FNF:0
FNH:0
DA:4,1
DA:5,1
DA:6,1
DA:7,1
DA:8,1
DA:9,1
LF:6
LH:6
BRF:0
BRH:0
end_of_record
TN:
SF:src/services/DatabaseBackupService.js
FN:55,(anonymous_0)
FN:100,(anonymous_1)
FN:129,(anonymous_2)
FN:148,(anonymous_3)
FN:167,(anonymous_4)
FN:186,(anonymous_5)
FN:203,(anonymous_6)
FN:221,(anonymous_7)
FN:236,(anonymous_8)
FN:261,(anonymous_9)
FN:281,(anonymous_10)
FN:305,(anonymous_11)
FN:341,(anonymous_12)
FN:446,(anonymous_13)
FN:481,(anonymous_14)
FN:488,(anonymous_15)
FN:509,(anonymous_16)
FN:535,(anonymous_17)
FN:544,(anonymous_18)
FN:548,(anonymous_19)
FN:578,(anonymous_20)
FN:593,(anonymous_21)
FN:701,(anonymous_22)
FN:759,(anonymous_23)
FN:804,(anonymous_24)
FN:860,(anonymous_25)
FN:903,(anonymous_26)
FN:980,(anonymous_27)
FN:1090,(anonymous_28)
FN:1104,(anonymous_29)
FN:1114,(anonymous_30)
FN:1153,(anonymous_31)
FN:1196,(anonymous_32)
FN:1248,(anonymous_33)
FN:1254,(anonymous_34)
FN:1273,(anonymous_35)
FN:1329,(anonymous_36)
FN:1341,(anonymous_37)
FN:1368,(anonymous_38)
FN:1383,(anonymous_39)
FNF:40
FNH:1
FNDA:1,(anonymous_0)
FNDA:0,(anonymous_1)
FNDA:0,(anonymous_2)
FNDA:0,(anonymous_3)
FNDA:0,(anonymous_4)
FNDA:0,(anonymous_5)
FNDA:0,(anonymous_6)
FNDA:0,(anonymous_7)
FNDA:0,(anonymous_8)
FNDA:0,(anonymous_9)
FNDA:0,(anonymous_10)
FNDA:0,(anonymous_11)
FNDA:0,(anonymous_12)
FNDA:0,(anonymous_13)
FNDA:0,(anonymous_14)
FNDA:0,(anonymous_15)
FNDA:0,(anonymous_16)
FNDA:0,(anonymous_17)
FNDA:0,(anonymous_18)
FNDA:0,(anonymous_19)
FNDA:0,(anonymous_20)
FNDA:0,(anonymous_21)
FNDA:0,(anonymous_22)
FNDA:0,(anonymous_23)
FNDA:0,(anonymous_24)
FNDA:0,(anonymous_25)
FNDA:0,(anonymous_26)
FNDA:0,(anonymous_27)
FNDA:0,(anonymous_28)
FNDA:0,(anonymous_29)
FNDA:0,(anonymous_30)
FNDA:0,(anonymous_31)
FNDA:0,(anonymous_32)
FNDA:0,(anonymous_33)
FNDA:0,(anonymous_34)
FNDA:0,(anonymous_35)
FNDA:0,(anonymous_36)
FNDA:0,(anonymous_37)
FNDA:0,(anonymous_38)
FNDA:0,(anonymous_39)
DA:17,1
DA:27,1
DA:28,1
DA:31,1
DA:43,1
DA:56,1
DA:57,1
DA:58,1
DA:61,1
DA:77,1
DA:89,1
DA:90,1
DA:91,1
DA:92,1
DA:93,1
DA:94,1
DA:101,0
DA:103,0
DA:104,0
DA:105,0
DA:108,0
DA:111,0
DA:114,0
DA:115,0
DA:118,0
DA:119,0
DA:121,0
DA:122,0
DA:130,0
DA:131,0
DA:133,0
DA:134,0
DA:135,0
DA:138,0
DA:140,0
DA:141,0
DA:149,0
DA:150,0
DA:152,0
DA:153,0
DA:154,0
DA:157,0
DA:159,0
DA:160,0
DA:168,0
DA:169,0
DA:171,0
DA:172,0
DA:173,0
DA:176,0
DA:178,0
DA:179,0
DA:187,0
DA:188,0
DA:189,0
DA:190,0
DA:193,0
DA:196,0
DA:204,0
DA:205,0
DA:206,0
DA:207,0
DA:210,0
DA:213,0
DA:222,0
DA:223,0
DA:224,0
DA:225,0
DA:227,0
DA:228,0
DA:237,0
DA:239,0
DA:240,0
DA:242,0
DA:243,0
DA:246,0
DA:250,0
DA:252,0
DA:253,0
DA:262,0
DA:263,0
DA:264,0
DA:267,0
DA:268,0
DA:271,0
DA:273,0
DA:274,0
DA:282,0
DA:284,0
DA:285,0
DA:286,0
DA:290,0
DA:291,0
DA:293,0
DA:294,0
DA:296,0
DA:297,0
DA:306,0
DA:307,0
DA:309,0
DA:312,0
DA:313,0
DA:314,0
DA:318,0
DA:319,0
DA:320,0
DA:324,0
DA:325,0
DA:326,0
DA:330,0
DA:331,0
DA:334,0
DA:342,0
DA:344,0
DA:345,0
DA:349,0
DA:350,0
DA:352,0
DA:353,0
DA:357,0
DA:358,0
DA:360,0
DA:361,0
DA:364,0
DA:365,0
DA:366,0
DA:367,0
DA:368,0
DA:369,0
DA:370,0
DA:374,0
DA:375,0
DA:378,0
DA:381,0
DA:384,0
DA:387,0
DA:388,0
DA:399,0
DA:408,0
DA:415,0
DA:418,0
DA:426,0
DA:432,0
DA:433,0
DA:435,0
DA:447,0
DA:449,0
DA:451,0
DA:452,0
DA:455,0
DA:457,0
DA:460,0
DA:461,0
DA:462,0
DA:463,0
DA:464,0
DA:465,0
DA:466,0
DA:469,0
DA:471,0
DA:472,0
DA:482,0
DA:484,0
DA:487,0
DA:488,0
DA:492,0
DA:494,0
DA:495,0
DA:496,0
DA:497,0
DA:498,0
DA:499,0
DA:500,0
DA:501,0
DA:502,0
DA:503,0
DA:507,0
DA:509,0
DA:512,0
DA:515,0
DA:516,0
DA:517,0
DA:518,0
DA:520,0
DA:525,0
DA:527,0
DA:528,0
DA:536,0
DA:538,0
DA:541,0
DA:544,0
DA:547,0
DA:549,0
DA:550,0
DA:554,0
DA:555,0
DA:556,0
DA:557,0
DA:558,0
DA:561,0
DA:564,0
DA:571,0
DA:572,0
DA:578,0
DA:580,0
DA:582,0
DA:583,0
DA:594,0
DA:596,0
DA:597,0
DA:603,0
DA:604,0
DA:607,0
DA:608,0
DA:609,0
DA:612,0
DA:614,0
DA:616,0
DA:619,0
DA:620,0
DA:621,0
DA:623,0
DA:624,0
DA:625,0
DA:631,0
DA:639,0
DA:643,0
DA:648,0
DA:651,0
DA:654,0
DA:657,0
DA:660,0
DA:673,0
DA:676,0
DA:677,0
DA:678,0
DA:680,0
DA:681,0
DA:684,0
DA:685,0
DA:688,0
DA:690,0
DA:691,0
DA:696,0
DA:699,0
DA:702,0
DA:708,0
DA:714,0
DA:717,0
DA:719,0
DA:722,0
DA:723,0
DA:724,0
DA:725,0
DA:727,0
DA:733,0
DA:735,0
DA:745,0
DA:746,0
DA:747,0
DA:750,0
DA:751,0
DA:760,0
DA:762,0
DA:763,0
DA:764,0
DA:769,0
DA:770,0
DA:771,0
DA:778,0
DA:779,0
DA:786,0
DA:791,0
DA:796,0
DA:797,0
DA:805,0
DA:807,0
DA:812,0
DA:813,0
DA:819,0
DA:822,0
DA:823,0
DA:825,0
DA:831,0
DA:833,0
DA:835,0
DA:837,0
DA:843,0
DA:851,0
DA:852,0
DA:861,0
DA:863,0
DA:864,0
DA:867,0
DA:868,0
DA:875,0
DA:876,0
DA:877,0
DA:878,0
DA:885,0
DA:890,0
DA:891,0
DA:904,0
DA:906,0
DA:907,0
DA:913,0
DA:914,0
DA:917,0
DA:918,0
DA:919,0
DA:924,0
DA:925,0
DA:926,0
DA:927,0
DA:933,0
DA:935,0
DA:938,0
DA:939,0
DA:942,0
DA:945,0
DA:946,0
DA:952,0
DA:955,0
DA:958,0
DA:959,0
DA:960,0
DA:961,0
DA:962,0
DA:965,0
DA:970,0
DA:973,0
DA:976,0
DA:979,0
DA:980,0
DA:984,0
DA:987,0
DA:988,0
DA:990,0
DA:991,0
DA:992,0
DA:994,0
DA:996,0
DA:999,0
DA:1000,0
DA:1003,0
DA:1004,0
DA:1006,0
DA:1007,0
DA:1011,0
DA:1015,0
DA:1018,0
DA:1026,0
DA:1029,0
DA:1035,0
DA:1045,0
DA:1048,0
DA:1050,0
DA:1060,0
DA:1061,0
DA:1064,0
DA:1073,0
DA:1074,0
DA:1076,0
DA:1079,0
DA:1082,0
DA:1083,0
DA:1091,0
DA:1105,0
DA:1115,0
DA:1116,0
DA:1118,0
DA:1124,0
DA:1125,0
DA:1127,0
DA:1128,0
DA:1135,0
DA:1141,0
DA:1142,0
DA:1154,0
DA:1156,0
DA:1157,0
DA:1158,0
DA:1163,0
DA:1164,0
DA:1165,0
DA:1172,0
DA:1175,0
DA:1182,0
DA:1187,0
DA:1188,0
DA:1197,0
DA:1199,0
DA:1201,0
DA:1202,0
DA:1206,0
DA:1220,0
DA:1221,0
DA:1223,0
DA:1224,0
DA:1225,0
DA:1226,0
DA:1227,0
DA:1228,0
DA:1229,0
DA:1230,0
DA:1231,0
DA:1232,0
DA:1233,0
DA:1234,0
DA:1235,0
DA:1236,0
DA:1237,0
DA:1238,0
DA:1239,0
DA:1240,0
DA:1242,0
DA:1247,0
DA:1248,0
DA:1252,0
DA:1253,0
DA:1254,0
DA:1257,0
DA:1264,0
DA:1265,0
DA:1274,0
DA:1276,0
DA:1278,0
DA:1279,0
DA:1282,0
DA:1283,0
DA:1286,0
DA:1298,0
DA:1299,0
DA:1301,0
DA:1304,0
DA:1305,0
DA:1306,0
DA:1307,0
DA:1309,0
DA:1315,0
DA:1321,0
DA:1322,0
DA:1330,0
DA:1332,0
DA:1334,0
DA:1335,0
DA:1338,0
DA:1341,0
DA:1344,0
DA:1345,0
DA:1346,0
DA:1349,0
DA:1358,0
DA:1359,0
DA:1369,0
DA:1371,0
DA:1372,0
DA:1373,0
DA:1375,0
DA:1384,0
DA:1385,0
DA:1386,0
DA:1388,0
DA:1393,1
LF:464
LH:17
BRDA:114,0,0,0
BRDA:114,0,1,0
BRDA:133,1,0,0
BRDA:133,1,1,0
BRDA:152,2,0,0
BRDA:152,2,1,0
BRDA:171,3,0,0
BRDA:171,3,1,0
BRDA:189,4,0,0
BRDA:189,4,1,0
BRDA:206,5,0,0
BRDA:206,5,1,0
BRDA:242,6,0,0
BRDA:242,6,1,0
BRDA:267,7,0,0
BRDA:267,7,1,0
BRDA:284,8,0,0
BRDA:284,8,1,0
BRDA:284,9,0,0
BRDA:284,9,1,0
BRDA:309,10,0,0
BRDA:309,10,1,0
BRDA:309,10,2,0
BRDA:309,10,3,0
BRDA:344,11,0,0
BRDA:344,11,1,0
BRDA:344,12,0,0
BRDA:344,12,1,0
BRDA:350,13,0,0
BRDA:350,13,1,0
BRDA:360,14,0,0
BRDA:360,14,1,0
BRDA:365,15,0,0
BRDA:365,15,1,0
BRDA:367,16,0,0
BRDA:367,16,1,0
BRDA:369,17,0,0
BRDA:369,17,1,0
BRDA:387,18,0,0
BRDA:387,18,1,0
BRDA:446,19,0,0
BRDA:451,20,0,0
BRDA:451,20,1,0
BRDA:455,21,0,0
BRDA:455,21,1,0
BRDA:494,22,0,0
BRDA:494,22,1,0
BRDA:496,23,0,0
BRDA:496,23,1,0
BRDA:498,24,0,0
BRDA:498,24,1,0
BRDA:500,25,0,0
BRDA:500,25,1,0
BRDA:502,26,0,0
BRDA:502,26,1,0
BRDA:507,27,0,0
BRDA:507,27,1,0
BRDA:554,28,0,0
BRDA:554,28,1,0
BRDA:554,29,0,0
BRDA:554,29,1,0
BRDA:557,30,0,0
BRDA:557,30,1,0
BRDA:593,31,0,0
BRDA:593,32,0,0
BRDA:596,33,0,0
BRDA:596,33,1,0
BRDA:607,34,0,0
BRDA:607,34,1,0
BRDA:608,35,0,0
BRDA:608,35,1,0
BRDA:623,36,0,0
BRDA:623,36,1,0
BRDA:680,37,0,0
BRDA:680,37,1,0
BRDA:702,38,0,0
BRDA:702,38,1,0
BRDA:763,39,0,0
BRDA:763,39,1,0
BRDA:765,40,0,0
BRDA:765,40,1,0
BRDA:770,41,0,0
BRDA:770,41,1,0
BRDA:778,42,0,0
BRDA:778,42,1,0
BRDA:812,43,0,0
BRDA:812,43,1,0
BRDA:812,44,0,0
BRDA:812,44,1,0
BRDA:812,44,2,0
BRDA:822,45,0,0
BRDA:822,45,1,0
BRDA:833,46,0,0
BRDA:833,46,1,0
BRDA:867,47,0,0
BRDA:867,47,1,0
BRDA:867,48,0,0
BRDA:867,48,1,0
BRDA:867,48,2,0
BRDA:877,49,0,0
BRDA:877,49,1,0
BRDA:877,50,0,0
BRDA:877,50,1,0
BRDA:903,51,0,0
BRDA:906,52,0,0
BRDA:906,52,1,0
BRDA:918,53,0,0
BRDA:918,53,1,0
BRDA:920,54,0,0
BRDA:920,54,1,0
BRDA:925,55,0,0
BRDA:925,55,1,0
BRDA:945,56,0,0
BRDA:945,56,1,0
BRDA:961,57,0,0
BRDA:961,57,1,0
BRDA:980,58,0,0
BRDA:980,58,1,0
BRDA:1116,59,0,0
BRDA:1116,59,1,0
BRDA:1116,60,0,0
BRDA:1116,60,1,0
BRDA:1125,61,0,0
BRDA:1125,61,1,0
BRDA:1157,62,0,0
BRDA:1157,62,1,0
BRDA:1159,63,0,0
BRDA:1159,63,1,0
BRDA:1164,64,0,0
BRDA:1164,64,1,0
BRDA:1201,65,0,0
BRDA:1201,65,1,0
BRDA:1223,66,0,0
BRDA:1223,66,1,0
BRDA:1225,67,0,0
BRDA:1225,67,1,0
BRDA:1227,68,0,0
BRDA:1227,68,1,0
BRDA:1229,69,0,0
BRDA:1229,69,1,0
BRDA:1231,70,0,0
BRDA:1231,70,1,0
BRDA:1233,71,0,0
BRDA:1233,71,1,0
BRDA:1235,72,0,0
BRDA:1235,72,1,0
BRDA:1237,73,0,0
BRDA:1237,73,1,0
BRDA:1239,74,0,0
BRDA:1239,74,1,0
BRDA:1278,75,0,0
BRDA:1278,75,1,0
BRDA:1299,76,0,0
BRDA:1299,76,1,0
BRDA:1334,77,0,0
BRDA:1334,77,1,0
BRDA:1346,78,0,0
BRDA:1346,78,1,0
BRDA:1369,79,0,0
BRDA:1369,79,1,0
BRDA:1383,80,0,0
BRF:161
BRH:0
end_of_record
TN:
SF:src/services/NotificationService.js
FN:14,(anonymous_0)
FN:34,(anonymous_1)
FN:47,(anonymous_2)
FN:52,(anonymous_3)
FN:69,(anonymous_4)
FN:87,(anonymous_5)
FN:110,(anonymous_6)
FN:131,(anonymous_7)
FN:177,(anonymous_8)
FN:183,(anonymous_9)
FN:285,(anonymous_10)
FN:365,(anonymous_11)
FN:405,(anonymous_12)
FN:446,(anonymous_13)
FN:517,(anonymous_14)
FN:591,(anonymous_15)
FN:609,(anonymous_16)
FN:626,(anonymous_17)
FN:638,(anonymous_18)
FN:653,(anonymous_19)
FN:684,(anonymous_20)
FN:694,(anonymous_21)
FN:711,(anonymous_22)
FN:718,(anonymous_23)
FN:775,(anonymous_24)
FN:784,(anonymous_25)
FN:818,(anonymous_26)
FN:827,(anonymous_27)
FN:881,(anonymous_28)
FN:913,(anonymous_29)
FNF:30
FNH:11
FNDA:0,(anonymous_0)
FNDA:1,(anonymous_1)
FNDA:0,(anonymous_2)
FNDA:1,(anonymous_3)
FNDA:1,(anonymous_4)
FNDA:2,(anonymous_5)
FNDA:1,(anonymous_6)
FNDA:1,(anonymous_7)
FNDA:1,(anonymous_8)
FNDA:0,(anonymous_9)
FNDA:0,(anonymous_10)
FNDA:0,(anonymous_11)
FNDA:0,(anonymous_12)
FNDA:0,(anonymous_13)
FNDA:0,(anonymous_14)
FNDA:1,(anonymous_15)
FNDA:0,(anonymous_16)
FNDA:0,(anonymous_17)
FNDA:0,(anonymous_18)
FNDA:1,(anonymous_19)
FNDA:1,(anonymous_20)
FNDA:0,(anonymous_21)
FNDA:1,(anonymous_22)
FNDA:0,(anonymous_23)
FNDA:0,(anonymous_24)
FNDA:0,(anonymous_25)
FNDA:0,(anonymous_26)
FNDA:0,(anonymous_27)
FNDA:0,(anonymous_28)
FNDA:0,(anonymous_29)
DA:10,1
DA:13,1
DA:14,0
DA:22,1
DA:25,1
DA:35,1
DA:38,1
DA:41,1
DA:42,0
DA:48,0
DA:53,1
DA:59,1
DA:64,1
DA:65,1
DA:70,1
DA:71,1
DA:72,1
DA:73,1
DA:78,1
DA:80,0
DA:81,0
DA:83,1
DA:88,2
DA:89,2
DA:92,0
DA:93,0
DA:95,0
DA:96,0
DA:98,0
DA:99,0
DA:102,0
DA:103,0
DA:105,0
DA:112,1
DA:113,0
DA:117,1
DA:119,0
DA:121,0
DA:123,0
DA:126,1
DA:132,1
DA:133,0
DA:134,0
DA:137,1
DA:138,1
DA:139,1
DA:142,1
DA:143,0
DA:144,0
DA:148,1
DA:149,1
DA:169,1
DA:171,0
DA:172,0
DA:178,1
DA:179,1
DA:185,0
DA:186,0
DA:187,0
DA:191,0
DA:192,0
DA:195,0
DA:198,0
DA:200,0
DA:201,0
DA:202,0
DA:204,0
DA:205,0
DA:207,0
DA:208,0
DA:211,0
DA:212,0
DA:213,0
DA:217,0
DA:218,0
DA:221,0
DA:224,0
DA:227,0
DA:228,0
DA:232,0
DA:233,0
DA:237,0
DA:240,0
DA:241,0
DA:242,0
DA:245,0
DA:247,0
DA:251,0
DA:253,0
DA:258,0
DA:283,0
DA:284,0
DA:285,0
DA:288,0
DA:289,0
DA:293,0
DA:299,0
DA:303,0
DA:304,0
DA:309,0
DA:312,0
DA:317,0
DA:323,0
DA:324,0
DA:325,0
DA:326,0
DA:328,0
DA:332,0
DA:334,0
DA:339,0
DA:363,0
DA:364,0
DA:365,0
DA:368,0
DA:369,0
DA:373,0
DA:379,0
DA:383,0
DA:384,0
DA:389,0
DA:392,0
DA:397,0
DA:399,0
DA:400,0
DA:406,0
DA:408,0
DA:411,0
DA:412,0
DA:415,0
DA:416,0
DA:420,0
DA:423,0
DA:424,0
DA:427,0
DA:428,0
DA:432,0
DA:433,0
DA:434,0
DA:437,0
DA:438,0
DA:441,0
DA:447,0
DA:449,0
DA:452,0
DA:453,0
DA:454,0
DA:456,0
DA:457,0
DA:460,0
DA:462,0
DA:466,0
DA:472,0
DA:477,0
DA:480,0
DA:483,0
DA:500,0
DA:505,0
DA:512,0
DA:518,0
DA:520,0
DA:523,0
DA:524,0
DA:525,0
DA:527,0
DA:528,0
DA:531,0
DA:533,0
DA:537,0
DA:543,0
DA:551,0
DA:554,0
DA:557,0
DA:574,0
DA:579,0
DA:586,0
DA:593,1
DA:595,1
DA:605,1
DA:610,0
DA:612,0
DA:613,0
DA:616,0
DA:619,0
DA:621,0
DA:627,0
DA:628,0
DA:629,0
DA:630,0
DA:632,0
DA:633,0
DA:639,0
DA:640,0
DA:641,0
DA:643,0
DA:644,0
DA:645,0
DA:648,0
DA:655,1
DA:656,0
DA:657,0
DA:661,1
DA:662,1
DA:663,1
DA:664,1
DA:668,1
DA:671,1
DA:676,1
DA:678,0
DA:679,0
DA:686,1
DA:687,0
DA:688,0
DA:691,1
DA:693,1
DA:694,0
DA:702,1
DA:704,0
DA:706,1
DA:712,1
DA:713,1
DA:718,1
DA:719,0
DA:722,0
DA:723,0
DA:726,0
DA:729,0
DA:735,0
DA:740,0
DA:744,0
DA:747,0
DA:752,0
DA:756,0
DA:759,0
DA:761,0
DA:764,0
DA:765,0
DA:776,0
DA:778,0
DA:779,0
DA:781,0
DA:784,0
DA:785,0
DA:795,0
DA:798,0
DA:801,0
DA:811,0
DA:813,0
DA:819,0
DA:821,0
DA:822,0
DA:824,0
DA:827,0
DA:828,0
DA:831,0
DA:834,0
DA:835,0
DA:837,0
DA:838,0
DA:841,0
DA:843,0
DA:844,0
DA:847,0
DA:850,0
DA:855,0
DA:879,0
DA:880,0
DA:881,0
DA:884,0
DA:885,0
DA:889,0
DA:895,0
DA:897,0
DA:905,0
DA:907,0
DA:908,0
DA:914,0
DA:915,0
DA:923,0
DA:927,0
LF:279
LH:51
BRDA:41,0,0,0
BRDA:41,0,1,1
BRDA:72,1,0,1
BRDA:72,1,1,0
BRDA:88,2,0,2
BRDA:88,2,1,0
BRDA:102,3,0,0
BRDA:102,3,1,0
BRDA:103,4,0,0
BRDA:103,4,1,0
BRDA:105,5,0,0
BRDA:105,5,1,0
BRDA:112,6,0,0
BRDA:112,6,1,1
BRDA:117,7,0,0
BRDA:117,7,1,0
BRDA:117,7,2,0
BRDA:117,7,3,1
BRDA:117,7,4,1
BRDA:121,8,0,0
BRDA:121,8,1,0
BRDA:123,9,0,0
BRDA:123,9,1,0
BRDA:132,10,0,0
BRDA:132,10,1,1
BRDA:142,11,0,0
BRDA:142,11,1,1
BRDA:148,12,0,1
BRDA:148,12,1,0
BRDA:185,13,0,0
BRDA:185,13,1,0
BRDA:191,14,0,0
BRDA:191,14,1,0
BRDA:211,15,0,0
BRDA:211,15,1,0
BRDA:217,16,0,0
BRDA:217,16,1,0
BRDA:227,17,0,0
BRDA:227,17,1,0
BRDA:227,18,0,0
BRDA:227,18,1,0
BRDA:232,19,0,0
BRDA:232,19,1,0
BRDA:240,20,0,0
BRDA:240,20,1,0
BRDA:270,21,0,0
BRDA:270,21,1,0
BRDA:288,22,0,0
BRDA:288,22,1,0
BRDA:323,23,0,0
BRDA:323,23,1,0
BRDA:351,24,0,0
BRDA:351,24,1,0
BRDA:368,25,0,0
BRDA:368,25,1,0
BRDA:397,26,0,0
BRDA:397,26,1,0
BRDA:411,27,0,0
BRDA:411,27,1,0
BRDA:423,28,0,0
BRDA:423,28,1,0
BRDA:433,29,0,0
BRDA:433,29,1,0
BRDA:452,30,0,0
BRDA:452,30,1,0
BRDA:456,31,0,0
BRDA:456,31,1,0
BRDA:460,32,0,0
BRDA:460,32,1,0
BRDA:477,33,0,0
BRDA:477,33,1,0
BRDA:523,34,0,0
BRDA:523,34,1,0
BRDA:527,35,0,0
BRDA:527,35,1,0
BRDA:531,36,0,0
BRDA:531,36,1,0
BRDA:551,37,0,0
BRDA:551,37,1,0
BRDA:591,38,0,0
BRDA:613,39,0,0
BRDA:613,39,1,0
BRDA:629,40,0,0
BRDA:629,40,1,0
BRDA:641,41,0,0
BRDA:641,41,1,0
BRDA:643,42,0,0
BRDA:643,42,1,0
BRDA:655,43,0,0
BRDA:655,43,1,1
BRDA:663,44,0,1
BRDA:663,44,1,0
BRDA:686,45,0,0
BRDA:686,45,1,1
BRDA:712,46,0,1
BRDA:712,46,1,0
BRDA:722,47,0,0
BRDA:722,47,1,0
BRDA:735,48,0,0
BRDA:735,48,1,0
BRDA:736,49,0,0
BRDA:736,49,1,0
BRDA:747,50,0,0
BRDA:747,50,1,0
BRDA:748,51,0,0
BRDA:748,51,1,0
BRDA:759,52,0,0
BRDA:759,52,1,0
BRDA:764,53,0,0
BRDA:764,53,1,0
BRDA:779,54,0,0
BRDA:779,54,1,0
BRDA:785,55,0,0
BRDA:785,55,1,0
BRDA:822,56,0,0
BRDA:822,56,1,0
BRDA:828,57,0,0
BRDA:828,57,1,0
BRDA:867,58,0,0
BRDA:867,58,1,0
BRDA:884,59,0,0
BRDA:884,59,1,0
BRF:122
BRH:13
end_of_record
TN:
SF:src/utils/defaultSettings.js
FN:51,(anonymous_0)
FNF:1
FNH:1
FNDA:3,(anonymous_0)
DA:10,1
DA:51,1
DA:52,3
DA:53,3
DA:55,2
DA:60,1
DA:61,1
DA:62,1
DA:64,0
DA:65,0
DA:69,0
DA:73,1
DA:76,1
DA:77,1
DA:78,1
DA:81,1
DA:83,1
LF:17
LH:14
BRDA:55,0,0,1
BRDA:55,0,1,1
BRDA:60,1,0,1
BRDA:60,1,1,0
BRF:4
BRH:3
end_of_record
